{"/home/runner/work/android.tiogars.fr/android.tiogars.fr/src/App.tsx": {"path":"/home/runner/work/android.tiogars.fr/android.tiogars.fr/src/App.tsx","statementMap":{"0":{"start":{"line":35,"column":6},"end":{"line":35,"column":null}},"1":{"start":{"line":35,"column":24},"end":{"line":35,"column":null}},"2":{"start":{"line":36,"column":6},"end":{"line":36,"column":null}},"3":{"start":{"line":36,"column":29},"end":{"line":36,"column":null}},"4":{"start":{"line":37,"column":6},"end":{"line":37,"column":null}},"5":{"start":{"line":37,"column":33},"end":{"line":37,"column":null}},"6":{"start":{"line":38,"column":6},"end":{"line":38,"column":null}},"7":{"start":{"line":38,"column":38},"end":{"line":38,"column":null}},"8":{"start":{"line":41,"column":24},"end":{"line":44,"column":null}},"9":{"start":{"line":42,"column":2},"end":{"line":44,"column":null}},"10":{"start":{"line":48,"column":8},"end":{"line":48,"column":null}},"11":{"start":{"line":49,"column":22},"end":{"line":49,"column":null}},"12":{"start":{"line":50,"column":32},"end":{"line":50,"column":null}},"13":{"start":{"line":51,"column":34},"end":{"line":51,"column":null}},"14":{"start":{"line":52,"column":34},"end":{"line":52,"column":null}},"15":{"start":{"line":53,"column":50},"end":{"line":53,"column":null}},"16":{"start":{"line":54,"column":44},"end":{"line":54,"column":null}},"17":{"start":{"line":55,"column":30},"end":{"line":59,"column":null}},"18":{"start":{"line":62,"column":2},"end":{"line":127,"column":null}},"19":{"start":{"line":63,"column":4},"end":{"line":120,"column":null}},"20":{"start":{"line":64,"column":24},"end":{"line":64,"column":null}},"21":{"start":{"line":65,"column":6},"end":{"line":65,"column":null}},"22":{"start":{"line":68,"column":21},"end":{"line":68,"column":null}},"23":{"start":{"line":69,"column":26},"end":{"line":69,"column":null}},"24":{"start":{"line":70,"column":25},"end":{"line":70,"column":null}},"25":{"start":{"line":71,"column":24},"end":{"line":71,"column":null}},"26":{"start":{"line":73,"column":6},"end":{"line":119,"column":null}},"27":{"start":{"line":75,"column":26},"end":{"line":75,"column":null}},"28":{"start":{"line":76,"column":8},"end":{"line":87,"column":null}},"29":{"start":{"line":77,"column":10},"end":{"line":86,"column":null}},"30":{"start":{"line":78,"column":24},"end":{"line":78,"column":null}},"31":{"start":{"line":80,"column":12},"end":{"line":82,"column":null}},"32":{"start":{"line":81,"column":14},"end":{"line":81,"column":null}},"33":{"start":{"line":85,"column":12},"end":{"line":85,"column":null}},"34":{"start":{"line":90,"column":8},"end":{"line":99,"column":null}},"35":{"start":{"line":91,"column":30},"end":{"line":91,"column":null}},"36":{"start":{"line":91,"column":66},"end":{"line":91,"column":97}},"37":{"start":{"line":92,"column":10},"end":{"line":98,"column":null}},"38":{"start":{"line":94,"column":12},"end":{"line":94,"column":null}},"39":{"start":{"line":96,"column":12},"end":{"line":96,"column":null}},"40":{"start":{"line":97,"column":12},"end":{"line":97,"column":null}},"41":{"start":{"line":103,"column":14},"end":{"line":103,"column":null}},"42":{"start":{"line":105,"column":35},"end":{"line":112,"column":null}},"43":{"start":{"line":114,"column":8},"end":{"line":114,"column":null}},"44":{"start":{"line":115,"column":8},"end":{"line":115,"column":null}},"45":{"start":{"line":118,"column":8},"end":{"line":118,"column":null}},"46":{"start":{"line":123,"column":23},"end":{"line":123,"column":null}},"47":{"start":{"line":124,"column":4},"end":{"line":126,"column":null}},"48":{"start":{"line":125,"column":6},"end":{"line":125,"column":null}},"49":{"start":{"line":130,"column":2},"end":{"line":132,"column":null}},"50":{"start":{"line":131,"column":4},"end":{"line":131,"column":null}},"51":{"start":{"line":134,"column":8},"end":{"line":142,"column":null}},"52":{"start":{"line":135,"column":4},"end":{"line":140,"column":null}},"53":{"start":{"line":144,"column":22},"end":{"line":146,"column":null}},"54":{"start":{"line":145,"column":4},"end":{"line":145,"column":null}},"55":{"start":{"line":145,"column":28},"end":{"line":145,"column":64}},"56":{"start":{"line":148,"column":24},"end":{"line":161,"column":null}},"57":{"start":{"line":150,"column":4},"end":{"line":156,"column":null}},"58":{"start":{"line":151,"column":6},"end":{"line":151,"column":null}},"59":{"start":{"line":151,"column":37},"end":{"line":151,"column":63}},"60":{"start":{"line":152,"column":6},"end":{"line":152,"column":null}},"61":{"start":{"line":154,"column":6},"end":{"line":154,"column":null}},"62":{"start":{"line":155,"column":6},"end":{"line":155,"column":null}},"63":{"start":{"line":157,"column":4},"end":{"line":157,"column":null}},"64":{"start":{"line":158,"column":4},"end":{"line":158,"column":null}},"65":{"start":{"line":159,"column":4},"end":{"line":159,"column":null}},"66":{"start":{"line":160,"column":4},"end":{"line":160,"column":null}},"67":{"start":{"line":163,"column":26},"end":{"line":168,"column":null}},"68":{"start":{"line":164,"column":24},"end":{"line":164,"column":null}},"69":{"start":{"line":164,"column":43},"end":{"line":164,"column":54}},"70":{"start":{"line":165,"column":4},"end":{"line":165,"column":null}},"71":{"start":{"line":166,"column":4},"end":{"line":166,"column":null}},"72":{"start":{"line":167,"column":4},"end":{"line":167,"column":null}},"73":{"start":{"line":170,"column":24},"end":{"line":173,"column":null}},"74":{"start":{"line":171,"column":4},"end":{"line":171,"column":null}},"75":{"start":{"line":172,"column":4},"end":{"line":172,"column":null}},"76":{"start":{"line":175,"column":23},"end":{"line":178,"column":null}},"77":{"start":{"line":176,"column":4},"end":{"line":176,"column":null}},"78":{"start":{"line":177,"column":4},"end":{"line":177,"column":null}},"79":{"start":{"line":180,"column":29},"end":{"line":183,"column":null}},"80":{"start":{"line":181,"column":4},"end":{"line":181,"column":null}},"81":{"start":{"line":182,"column":4},"end":{"line":182,"column":null}},"82":{"start":{"line":185,"column":23},"end":{"line":193,"column":null}},"83":{"start":{"line":186,"column":4},"end":{"line":192,"column":null}},"84":{"start":{"line":187,"column":27},"end":{"line":187,"column":null}},"85":{"start":{"line":188,"column":6},"end":{"line":188,"column":null}},"86":{"start":{"line":189,"column":6},"end":{"line":189,"column":null}},"87":{"start":{"line":191,"column":6},"end":{"line":191,"column":null}},"88":{"start":{"line":195,"column":23},"end":{"line":207,"column":null}},"89":{"start":{"line":196,"column":23},"end":{"line":196,"column":null}},"90":{"start":{"line":197,"column":17},"end":{"line":197,"column":null}},"91":{"start":{"line":198,"column":16},"end":{"line":198,"column":null}},"92":{"start":{"line":199,"column":14},"end":{"line":199,"column":null}},"93":{"start":{"line":200,"column":4},"end":{"line":200,"column":null}},"94":{"start":{"line":201,"column":4},"end":{"line":201,"column":null}},"95":{"start":{"line":202,"column":4},"end":{"line":202,"column":null}},"96":{"start":{"line":203,"column":4},"end":{"line":203,"column":null}},"97":{"start":{"line":204,"column":4},"end":{"line":204,"column":null}},"98":{"start":{"line":205,"column":4},"end":{"line":205,"column":null}},"99":{"start":{"line":206,"column":4},"end":{"line":206,"column":null}},"100":{"start":{"line":209,"column":2},"end":{"line":333,"column":null}},"101":{"start":{"line":219,"column":55},"end":{"line":219,"column":84}},"102":{"start":{"line":263,"column":22},"end":{"line":263,"column":null}},"103":{"start":{"line":264,"column":23},"end":{"line":264,"column":null}},"104":{"start":{"line":275,"column":12},"end":{"line":275,"column":null}},"105":{"start":{"line":276,"column":12},"end":{"line":276,"column":null}},"106":{"start":{"line":283,"column":12},"end":{"line":283,"column":null}},"107":{"start":{"line":284,"column":12},"end":{"line":284,"column":null}},"108":{"start":{"line":291,"column":12},"end":{"line":291,"column":null}},"109":{"start":{"line":292,"column":12},"end":{"line":292,"column":null}},"110":{"start":{"line":303,"column":12},"end":{"line":303,"column":null}},"111":{"start":{"line":304,"column":12},"end":{"line":304,"column":null}},"112":{"start":{"line":313,"column":25},"end":{"line":313,"column":null}},"113":{"start":{"line":322,"column":23},"end":{"line":322,"column":null}},"114":{"start":{"line":326,"column":25},"end":{"line":326,"column":null}}},"fnMap":{"0":{"name":"(anonymous_0)","decl":{"start":{"line":35,"column":18},"end":{"line":35,"column":24}},"loc":{"start":{"line":35,"column":24},"end":{"line":35,"column":null}},"line":35},"1":{"name":"(anonymous_1)","decl":{"start":{"line":36,"column":23},"end":{"line":36,"column":29}},"loc":{"start":{"line":36,"column":29},"end":{"line":36,"column":null}},"line":36},"2":{"name":"(anonymous_2)","decl":{"start":{"line":37,"column":27},"end":{"line":37,"column":33}},"loc":{"start":{"line":37,"column":33},"end":{"line":37,"column":null}},"line":37},"3":{"name":"(anonymous_3)","decl":{"start":{"line":38,"column":32},"end":{"line":38,"column":38}},"loc":{"start":{"line":38,"column":38},"end":{"line":38,"column":null}},"line":38},"4":{"name":"(anonymous_4)","decl":{"start":{"line":41,"column":24},"end":{"line":41,"column":null}},"loc":{"start":{"line":42,"column":2},"end":{"line":44,"column":null}},"line":42},"5":{"name":"App","decl":{"start":{"line":47,"column":9},"end":{"line":47,"column":15}},"loc":{"start":{"line":47,"column":15},"end":{"line":335,"column":null}},"line":47},"6":{"name":"(anonymous_6)","decl":{"start":{"line":62,"column":12},"end":{"line":62,"column":18}},"loc":{"start":{"line":62,"column":18},"end":{"line":127,"column":5}},"line":62},"7":{"name":"(anonymous_7)","decl":{"start":{"line":63,"column":5},"end":{"line":63,"column":17}},"loc":{"start":{"line":63,"column":17},"end":{"line":120,"column":7}},"line":63},"8":{"name":"(anonymous_8)","decl":{"start":{"line":91,"column":45},"end":{"line":91,"column":46}},"loc":{"start":{"line":91,"column":66},"end":{"line":91,"column":97}},"line":91},"9":{"name":"(anonymous_9)","decl":{"start":{"line":130,"column":12},"end":{"line":130,"column":18}},"loc":{"start":{"line":130,"column":18},"end":{"line":132,"column":5}},"line":130},"10":{"name":"(anonymous_10)","decl":{"start":{"line":135,"column":4},"end":{"line":135,"column":null}},"loc":{"start":{"line":135,"column":4},"end":{"line":140,"column":null}},"line":135},"11":{"name":"(anonymous_11)","decl":{"start":{"line":144,"column":22},"end":{"line":144,"column":28}},"loc":{"start":{"line":144,"column":28},"end":{"line":146,"column":null}},"line":144},"12":{"name":"(anonymous_12)","decl":{"start":{"line":145,"column":17},"end":{"line":145,"column":18}},"loc":{"start":{"line":145,"column":28},"end":{"line":145,"column":64}},"line":145},"13":{"name":"(anonymous_13)","decl":{"start":{"line":148,"column":24},"end":{"line":148,"column":31}},"loc":{"start":{"line":148,"column":51},"end":{"line":161,"column":null}},"line":148},"14":{"name":"(anonymous_14)","decl":{"start":{"line":151,"column":29},"end":{"line":151,"column":30}},"loc":{"start":{"line":151,"column":37},"end":{"line":151,"column":63}},"line":151},"15":{"name":"(anonymous_15)","decl":{"start":{"line":163,"column":26},"end":{"line":163,"column":33}},"loc":{"start":{"line":163,"column":48},"end":{"line":168,"column":null}},"line":163},"16":{"name":"(anonymous_16)","decl":{"start":{"line":164,"column":36},"end":{"line":164,"column":37}},"loc":{"start":{"line":164,"column":43},"end":{"line":164,"column":54}},"line":164},"17":{"name":"(anonymous_17)","decl":{"start":{"line":170,"column":24},"end":{"line":170,"column":25}},"loc":{"start":{"line":170,"column":45},"end":{"line":173,"column":null}},"line":170},"18":{"name":"(anonymous_18)","decl":{"start":{"line":175,"column":23},"end":{"line":175,"column":29}},"loc":{"start":{"line":175,"column":29},"end":{"line":178,"column":null}},"line":175},"19":{"name":"(anonymous_19)","decl":{"start":{"line":180,"column":29},"end":{"line":180,"column":35}},"loc":{"start":{"line":180,"column":35},"end":{"line":183,"column":null}},"line":180},"20":{"name":"(anonymous_20)","decl":{"start":{"line":185,"column":23},"end":{"line":185,"column":30}},"loc":{"start":{"line":185,"column":53},"end":{"line":193,"column":null}},"line":185},"21":{"name":"(anonymous_21)","decl":{"start":{"line":195,"column":23},"end":{"line":195,"column":35}},"loc":{"start":{"line":195,"column":35},"end":{"line":207,"column":null}},"line":195},"22":{"name":"(anonymous_22)","decl":{"start":{"line":219,"column":49},"end":{"line":219,"column":55}},"loc":{"start":{"line":219,"column":55},"end":{"line":219,"column":84}},"line":219},"23":{"name":"(anonymous_23)","decl":{"start":{"line":263,"column":16},"end":{"line":263,"column":22}},"loc":{"start":{"line":263,"column":22},"end":{"line":263,"column":null}},"line":263},"24":{"name":"(anonymous_24)","decl":{"start":{"line":264,"column":17},"end":{"line":264,"column":23}},"loc":{"start":{"line":264,"column":23},"end":{"line":264,"column":null}},"line":264},"25":{"name":"(anonymous_25)","decl":{"start":{"line":274,"column":19},"end":{"line":274,"column":25}},"loc":{"start":{"line":274,"column":25},"end":{"line":277,"column":null}},"line":274},"26":{"name":"(anonymous_26)","decl":{"start":{"line":282,"column":19},"end":{"line":282,"column":25}},"loc":{"start":{"line":282,"column":25},"end":{"line":285,"column":null}},"line":282},"27":{"name":"(anonymous_27)","decl":{"start":{"line":290,"column":19},"end":{"line":290,"column":25}},"loc":{"start":{"line":290,"column":25},"end":{"line":293,"column":null}},"line":290},"28":{"name":"(anonymous_28)","decl":{"start":{"line":302,"column":19},"end":{"line":302,"column":25}},"loc":{"start":{"line":302,"column":25},"end":{"line":305,"column":null}},"line":302},"29":{"name":"(anonymous_29)","decl":{"start":{"line":313,"column":19},"end":{"line":313,"column":25}},"loc":{"start":{"line":313,"column":25},"end":{"line":313,"column":null}},"line":313},"30":{"name":"(anonymous_30)","decl":{"start":{"line":322,"column":17},"end":{"line":322,"column":23}},"loc":{"start":{"line":322,"column":23},"end":{"line":322,"column":null}},"line":322},"31":{"name":"(anonymous_31)","decl":{"start":{"line":326,"column":19},"end":{"line":326,"column":25}},"loc":{"start":{"line":326,"column":25},"end":{"line":326,"column":null}},"line":326}},"branchMap":{"0":{"loc":{"start":{"line":73,"column":6},"end":{"line":119,"column":null}},"type":"if","locations":[{"start":{"line":73,"column":6},"end":{"line":119,"column":null}},{"start":{},"end":{}}],"line":73},"1":{"loc":{"start":{"line":73,"column":10},"end":{"line":73,"column":50}},"type":"binary-expr","locations":[{"start":{"line":73,"column":10},"end":{"line":73,"column":25}},{"start":{"line":73,"column":25},"end":{"line":73,"column":39}},{"start":{"line":73,"column":39},"end":{"line":73,"column":50}}],"line":73},"2":{"loc":{"start":{"line":76,"column":8},"end":{"line":87,"column":null}},"type":"if","locations":[{"start":{"line":76,"column":8},"end":{"line":87,"column":null}},{"start":{},"end":{}}],"line":76},"3":{"loc":{"start":{"line":80,"column":12},"end":{"line":82,"column":null}},"type":"if","locations":[{"start":{"line":80,"column":12},"end":{"line":82,"column":null}},{"start":{},"end":{}}],"line":80},"4":{"loc":{"start":{"line":80,"column":16},"end":{"line":80,"column":94}},"type":"binary-expr","locations":[{"start":{"line":80,"column":16},"end":{"line":80,"column":54}},{"start":{"line":80,"column":54},"end":{"line":80,"column":94}}],"line":80},"5":{"loc":{"start":{"line":81,"column":28},"end":{"line":81,"column":null}},"type":"binary-expr","locations":[{"start":{"line":81,"column":28},"end":{"line":81,"column":58}},{"start":{"line":81,"column":58},"end":{"line":81,"column":null}}],"line":81},"6":{"loc":{"start":{"line":90,"column":8},"end":{"line":99,"column":null}},"type":"if","locations":[{"start":{"line":90,"column":8},"end":{"line":99,"column":null}},{"start":{},"end":{}}],"line":90},"7":{"loc":{"start":{"line":92,"column":10},"end":{"line":98,"column":null}},"type":"if","locations":[{"start":{"line":92,"column":10},"end":{"line":98,"column":null}},{"start":{},"end":{}}],"line":92},"8":{"loc":{"start":{"line":103,"column":48},"end":{"line":103,"column":65}},"type":"binary-expr","locations":[{"start":{"line":103,"column":48},"end":{"line":103,"column":63}},{"start":{"line":103,"column":63},"end":{"line":103,"column":65}}],"line":103},"9":{"loc":{"start":{"line":108,"column":23},"end":{"line":108,"column":null}},"type":"binary-expr","locations":[{"start":{"line":108,"column":23},"end":{"line":108,"column":38}},{"start":{"line":108,"column":38},"end":{"line":108,"column":null}}],"line":108},"10":{"loc":{"start":{"line":109,"column":23},"end":{"line":109,"column":null}},"type":"binary-expr","locations":[{"start":{"line":109,"column":23},"end":{"line":109,"column":37}},{"start":{"line":109,"column":37},"end":{"line":109,"column":null}}],"line":109},"11":{"loc":{"start":{"line":124,"column":4},"end":{"line":126,"column":null}},"type":"if","locations":[{"start":{"line":124,"column":4},"end":{"line":126,"column":null}},{"start":{},"end":{}}],"line":124},"12":{"loc":{"start":{"line":145,"column":28},"end":{"line":145,"column":64}},"type":"cond-expr","locations":[{"start":{"line":145,"column":47},"end":{"line":145,"column":56}},{"start":{"line":145,"column":56},"end":{"line":145,"column":64}}],"line":145},"13":{"loc":{"start":{"line":150,"column":4},"end":{"line":156,"column":null}},"type":"if","locations":[{"start":{"line":150,"column":4},"end":{"line":156,"column":null}},{"start":{"line":153,"column":11},"end":{"line":156,"column":null}}],"line":150},"14":{"loc":{"start":{"line":151,"column":37},"end":{"line":151,"column":63}},"type":"cond-expr","locations":[{"start":{"line":151,"column":55},"end":{"line":151,"column":61}},{"start":{"line":151,"column":61},"end":{"line":151,"column":63}}],"line":151},"15":{"loc":{"start":{"line":223,"column":15},"end":{"line":223,"column":null}},"type":"cond-expr","locations":[{"start":{"line":223,"column":38},"end":{"line":223,"column":56}},{"start":{"line":223,"column":56},"end":{"line":223,"column":null}}],"line":223}},"s":{"0":0,"1":0,"2":0,"3":0,"4":0,"5":0,"6":0,"7":0,"8":0,"9":0,"10":0,"11":0,"12":0,"13":0,"14":0,"15":0,"16":0,"17":0,"18":0,"19":0,"20":0,"21":0,"22":0,"23":0,"24":0,"25":0,"26":0,"27":0,"28":0,"29":0,"30":0,"31":0,"32":0,"33":0,"34":0,"35":0,"36":0,"37":0,"38":0,"39":0,"40":0,"41":0,"42":0,"43":0,"44":0,"45":0,"46":0,"47":0,"48":0,"49":0,"50":0,"51":0,"52":0,"53":0,"54":0,"55":0,"56":0,"57":0,"58":0,"59":0,"60":0,"61":0,"62":0,"63":0,"64":0,"65":0,"66":0,"67":0,"68":0,"69":0,"70":0,"71":0,"72":0,"73":0,"74":0,"75":0,"76":0,"77":0,"78":0,"79":0,"80":0,"81":0,"82":0,"83":0,"84":0,"85":0,"86":0,"87":0,"88":0,"89":0,"90":0,"91":0,"92":0,"93":0,"94":0,"95":0,"96":0,"97":0,"98":0,"99":0,"100":0,"101":0,"102":0,"103":0,"104":0,"105":0,"106":0,"107":0,"108":0,"109":0,"110":0,"111":0,"112":0,"113":0,"114":0},"f":{"0":0,"1":0,"2":0,"3":0,"4":0,"5":0,"6":0,"7":0,"8":0,"9":0,"10":0,"11":0,"12":0,"13":0,"14":0,"15":0,"16":0,"17":0,"18":0,"19":0,"20":0,"21":0,"22":0,"23":0,"24":0,"25":0,"26":0,"27":0,"28":0,"29":0,"30":0,"31":0},"b":{"0":[0,0],"1":[0,0,0],"2":[0,0],"3":[0,0],"4":[0,0],"5":[0,0],"6":[0,0],"7":[0,0],"8":[0,0],"9":[0,0],"10":[0,0],"11":[0,0],"12":[0,0],"13":[0,0],"14":[0,0],"15":[0,0]},"meta":{"lastBranch":16,"lastFunction":32,"lastStatement":115,"seen":{"s:35:6:35:Infinity":0,"f:35:18:35:24":0,"s:35:24:35:Infinity":1,"s:36:6:36:Infinity":2,"f:36:23:36:29":1,"s:36:29:36:Infinity":3,"s:37:6:37:Infinity":4,"f:37:27:37:33":2,"s:37:33:37:Infinity":5,"s:38:6:38:Infinity":6,"f:38:32:38:38":3,"s:38:38:38:Infinity":7,"s:41:24:44:Infinity":8,"f:41:24:41:Infinity":4,"s:42:2:44:Infinity":9,"f:47:9:47:15":5,"s:48:8:48:Infinity":10,"s:49:22:49:Infinity":11,"s:50:32:50:Infinity":12,"s:51:34:51:Infinity":13,"s:52:34:52:Infinity":14,"s:53:50:53:Infinity":15,"s:54:44:54:Infinity":16,"s:55:30:59:Infinity":17,"s:62:2:127:Infinity":18,"f:62:12:62:18":6,"s:63:4:120:Infinity":19,"f:63:5:63:17":7,"s:64:24:64:Infinity":20,"s:65:6:65:Infinity":21,"s:68:21:68:Infinity":22,"s:69:26:69:Infinity":23,"s:70:25:70:Infinity":24,"s:71:24:71:Infinity":25,"b:73:6:119:Infinity:undefined:undefined:undefined:undefined":0,"s:73:6:119:Infinity":26,"b:73:10:73:25:73:25:73:39:73:39:73:50":1,"s:75:26:75:Infinity":27,"b:76:8:87:Infinity:undefined:undefined:undefined:undefined":2,"s:76:8:87:Infinity":28,"s:77:10:86:Infinity":29,"s:78:24:78:Infinity":30,"b:80:12:82:Infinity:undefined:undefined:undefined:undefined":3,"s:80:12:82:Infinity":31,"b:80:16:80:54:80:54:80:94":4,"s:81:14:81:Infinity":32,"b:81:28:81:58:81:58:81:Infinity":5,"s:85:12:85:Infinity":33,"b:90:8:99:Infinity:undefined:undefined:undefined:undefined":6,"s:90:8:99:Infinity":34,"s:91:30:91:Infinity":35,"f:91:45:91:46":8,"s:91:66:91:97":36,"b:92:10:98:Infinity:undefined:undefined:undefined:undefined":7,"s:92:10:98:Infinity":37,"s:94:12:94:Infinity":38,"s:96:12:96:Infinity":39,"s:97:12:97:Infinity":40,"s:103:14:103:Infinity":41,"b:103:48:103:63:103:63:103:65":8,"s:105:35:112:Infinity":42,"b:108:23:108:38:108:38:108:Infinity":9,"b:109:23:109:37:109:37:109:Infinity":10,"s:114:8:114:Infinity":43,"s:115:8:115:Infinity":44,"s:118:8:118:Infinity":45,"s:123:23:123:Infinity":46,"b:124:4:126:Infinity:undefined:undefined:undefined:undefined":11,"s:124:4:126:Infinity":47,"s:125:6:125:Infinity":48,"s:130:2:132:Infinity":49,"f:130:12:130:18":9,"s:131:4:131:Infinity":50,"s:134:8:142:Infinity":51,"f:135:4:135:Infinity":10,"s:135:4:140:Infinity":52,"s:144:22:146:Infinity":53,"f:144:22:144:28":11,"s:145:4:145:Infinity":54,"f:145:17:145:18":12,"s:145:28:145:64":55,"b:145:47:145:56:145:56:145:64":12,"s:148:24:161:Infinity":56,"f:148:24:148:31":13,"b:150:4:156:Infinity:153:11:156:Infinity":13,"s:150:4:156:Infinity":57,"s:151:6:151:Infinity":58,"f:151:29:151:30":14,"s:151:37:151:63":59,"b:151:55:151:61:151:61:151:63":14,"s:152:6:152:Infinity":60,"s:154:6:154:Infinity":61,"s:155:6:155:Infinity":62,"s:157:4:157:Infinity":63,"s:158:4:158:Infinity":64,"s:159:4:159:Infinity":65,"s:160:4:160:Infinity":66,"s:163:26:168:Infinity":67,"f:163:26:163:33":15,"s:164:24:164:Infinity":68,"f:164:36:164:37":16,"s:164:43:164:54":69,"s:165:4:165:Infinity":70,"s:166:4:166:Infinity":71,"s:167:4:167:Infinity":72,"s:170:24:173:Infinity":73,"f:170:24:170:25":17,"s:171:4:171:Infinity":74,"s:172:4:172:Infinity":75,"s:175:23:178:Infinity":76,"f:175:23:175:29":18,"s:176:4:176:Infinity":77,"s:177:4:177:Infinity":78,"s:180:29:183:Infinity":79,"f:180:29:180:35":19,"s:181:4:181:Infinity":80,"s:182:4:182:Infinity":81,"s:185:23:193:Infinity":82,"f:185:23:185:30":20,"s:186:4:192:Infinity":83,"s:187:27:187:Infinity":84,"s:188:6:188:Infinity":85,"s:189:6:189:Infinity":86,"s:191:6:191:Infinity":87,"s:195:23:207:Infinity":88,"f:195:23:195:35":21,"s:196:23:196:Infinity":89,"s:197:17:197:Infinity":90,"s:198:16:198:Infinity":91,"s:199:14:199:Infinity":92,"s:200:4:200:Infinity":93,"s:201:4:201:Infinity":94,"s:202:4:202:Infinity":95,"s:203:4:203:Infinity":96,"s:204:4:204:Infinity":97,"s:205:4:205:Infinity":98,"s:206:4:206:Infinity":99,"s:209:2:333:Infinity":100,"f:219:49:219:55":22,"s:219:55:219:84":101,"b:223:38:223:56:223:56:223:Infinity":15,"f:263:16:263:22":23,"s:263:22:263:Infinity":102,"f:264:17:264:23":24,"s:264:23:264:Infinity":103,"f:274:19:274:25":25,"s:275:12:275:Infinity":104,"s:276:12:276:Infinity":105,"f:282:19:282:25":26,"s:283:12:283:Infinity":106,"s:284:12:284:Infinity":107,"f:290:19:290:25":27,"s:291:12:291:Infinity":108,"s:292:12:292:Infinity":109,"f:302:19:302:25":28,"s:303:12:303:Infinity":110,"s:304:12:304:Infinity":111,"f:313:19:313:25":29,"s:313:25:313:Infinity":112,"f:322:17:322:23":30,"s:322:23:322:Infinity":113,"f:326:19:326:25":31,"s:326:25:326:Infinity":114}}}
,"/home/runner/work/android.tiogars.fr/android.tiogars.fr/src/Root.tsx": {"path":"/home/runner/work/android.tiogars.fr/android.tiogars.fr/src/Root.tsx","statementMap":{"0":{"start":{"line":7,"column":8},"end":{"line":7,"column":null}},"1":{"start":{"line":12,"column":2},"end":{"line":25,"column":null}},"2":{"start":{"line":14,"column":6},"end":{"line":14,"column":null}},"3":{"start":{"line":16,"column":6},"end":{"line":20,"column":null}},"4":{"start":{"line":17,"column":8},"end":{"line":19,"column":null}},"5":{"start":{"line":18,"column":10},"end":{"line":18,"column":null}},"6":{"start":{"line":23,"column":6},"end":{"line":23,"column":null}},"7":{"start":{"line":28,"column":2},"end":{"line":34,"column":null}},"8":{"start":{"line":29,"column":4},"end":{"line":33,"column":null}},"9":{"start":{"line":30,"column":6},"end":{"line":32,"column":null}},"10":{"start":{"line":31,"column":8},"end":{"line":31,"column":null}},"11":{"start":{"line":36,"column":28},"end":{"line":38,"column":null}},"12":{"start":{"line":37,"column":4},"end":{"line":37,"column":null}},"13":{"start":{"line":40,"column":30},"end":{"line":42,"column":null}},"14":{"start":{"line":41,"column":4},"end":{"line":41,"column":null}},"15":{"start":{"line":44,"column":2},"end":{"line":65,"column":null}}},"fnMap":{"0":{"name":"Root","decl":{"start":{"line":6,"column":24},"end":{"line":6,"column":31}},"loc":{"start":{"line":6,"column":31},"end":{"line":67,"column":null}},"line":6},"1":{"name":"(anonymous_1)","decl":{"start":{"line":13,"column":4},"end":{"line":13,"column":17}},"loc":{"start":{"line":13,"column":20},"end":{"line":21,"column":null}},"line":13},"2":{"name":"(anonymous_2)","decl":{"start":{"line":17,"column":42},"end":{"line":17,"column":48}},"loc":{"start":{"line":17,"column":48},"end":{"line":19,"column":11}},"line":17},"3":{"name":"(anonymous_3)","decl":{"start":{"line":22,"column":4},"end":{"line":22,"column":20}},"loc":{"start":{"line":22,"column":27},"end":{"line":24,"column":null}},"line":22},"4":{"name":"(anonymous_4)","decl":{"start":{"line":28,"column":12},"end":{"line":28,"column":18}},"loc":{"start":{"line":28,"column":18},"end":{"line":34,"column":5}},"line":28},"5":{"name":"(anonymous_5)","decl":{"start":{"line":29,"column":11},"end":{"line":29,"column":17}},"loc":{"start":{"line":29,"column":17},"end":{"line":33,"column":null}},"line":29},"6":{"name":"(anonymous_6)","decl":{"start":{"line":36,"column":28},"end":{"line":36,"column":34}},"loc":{"start":{"line":36,"column":34},"end":{"line":38,"column":null}},"line":36},"7":{"name":"(anonymous_7)","decl":{"start":{"line":40,"column":30},"end":{"line":40,"column":36}},"loc":{"start":{"line":40,"column":36},"end":{"line":42,"column":null}},"line":40}},"branchMap":{"0":{"loc":{"start":{"line":16,"column":6},"end":{"line":20,"column":null}},"type":"if","locations":[{"start":{"line":16,"column":6},"end":{"line":20,"column":null}},{"start":{},"end":{}}],"line":16},"1":{"loc":{"start":{"line":30,"column":6},"end":{"line":32,"column":null}},"type":"if","locations":[{"start":{"line":30,"column":6},"end":{"line":32,"column":null}},{"start":{},"end":{}}],"line":30}},"s":{"0":0,"1":0,"2":0,"3":0,"4":0,"5":0,"6":0,"7":0,"8":0,"9":0,"10":0,"11":0,"12":0,"13":0,"14":0,"15":0},"f":{"0":0,"1":0,"2":0,"3":0,"4":0,"5":0,"6":0,"7":0},"b":{"0":[0,0],"1":[0,0]},"meta":{"lastBranch":2,"lastFunction":8,"lastStatement":16,"seen":{"f:6:24:6:31":0,"s:7:8:7:Infinity":0,"s:12:2:25:Infinity":1,"f:13:4:13:17":1,"s:14:6:14:Infinity":2,"b:16:6:20:Infinity:undefined:undefined:undefined:undefined":0,"s:16:6:20:Infinity":3,"s:17:8:19:Infinity":4,"f:17:42:17:48":2,"s:18:10:18:Infinity":5,"f:22:4:22:20":3,"s:23:6:23:Infinity":6,"s:28:2:34:Infinity":7,"f:28:12:28:18":4,"s:29:4:33:Infinity":8,"f:29:11:29:17":5,"b:30:6:32:Infinity:undefined:undefined:undefined:undefined":1,"s:30:6:32:Infinity":9,"s:31:8:31:Infinity":10,"s:36:28:38:Infinity":11,"f:36:28:36:34":6,"s:37:4:37:Infinity":12,"s:40:30:42:Infinity":13,"f:40:30:40:36":7,"s:41:4:41:Infinity":14,"s:44:2:65:Infinity":15}}}
,"/home/runner/work/android.tiogars.fr/android.tiogars.fr/src/storageService.ts": {"path":"/home/runner/work/android.tiogars.fr/android.tiogars.fr/src/storageService.ts","statementMap":{"0":{"start":{"line":4,"column":16},"end":{"line":4,"column":null}},"1":{"start":{"line":5,"column":19},"end":{"line":5,"column":null}},"2":{"start":{"line":6,"column":19},"end":{"line":6,"column":null}},"3":{"start":{"line":7,"column":19},"end":{"line":7,"column":null}},"4":{"start":{"line":8,"column":21},"end":{"line":8,"column":null}},"5":{"start":{"line":9,"column":20},"end":{"line":9,"column":null}},"6":{"start":{"line":10,"column":18},"end":{"line":10,"column":null}},"7":{"start":{"line":12,"column":46},"end":{"line":12,"column":null}},"8":{"start":{"line":15,"column":2},"end":{"line":33,"column":null}},"9":{"start":{"line":16,"column":4},"end":{"line":32,"column":null}},"10":{"start":{"line":18,"column":8},"end":{"line":22,"column":null}},"11":{"start":{"line":19,"column":10},"end":{"line":21,"column":null}},"12":{"start":{"line":20,"column":12},"end":{"line":20,"column":null}},"13":{"start":{"line":23,"column":8},"end":{"line":30,"column":null}},"14":{"start":{"line":24,"column":10},"end":{"line":26,"column":null}},"15":{"start":{"line":25,"column":12},"end":{"line":25,"column":null}},"16":{"start":{"line":27,"column":10},"end":{"line":29,"column":null}},"17":{"start":{"line":28,"column":12},"end":{"line":28,"column":null}},"18":{"start":{"line":34,"column":2},"end":{"line":34,"column":null}},"19":{"start":{"line":38,"column":20},"end":{"line":38,"column":null}},"20":{"start":{"line":39,"column":2},"end":{"line":39,"column":null}},"21":{"start":{"line":40,"column":2},"end":{"line":42,"column":null}},"22":{"start":{"line":41,"column":4},"end":{"line":41,"column":null}},"23":{"start":{"line":43,"column":2},"end":{"line":43,"column":null}},"24":{"start":{"line":43,"column":55},"end":{"line":43,"column":59}},"25":{"start":{"line":47,"column":2},"end":{"line":83,"column":null}},"26":{"start":{"line":48,"column":15},"end":{"line":48,"column":null}},"27":{"start":{"line":49,"column":15},"end":{"line":49,"column":null}},"28":{"start":{"line":50,"column":22},"end":{"line":50,"column":null}},"29":{"start":{"line":51,"column":25},"end":{"line":51,"column":null}},"30":{"start":{"line":52,"column":4},"end":{"line":55,"column":null}},"31":{"start":{"line":53,"column":6},"end":{"line":53,"column":null}},"32":{"start":{"line":54,"column":6},"end":{"line":54,"column":null}},"33":{"start":{"line":57,"column":42},"end":{"line":57,"column":null}},"34":{"start":{"line":59,"column":24},"end":{"line":59,"column":null}},"35":{"start":{"line":60,"column":23},"end":{"line":60,"column":null}},"36":{"start":{"line":61,"column":4},"end":{"line":64,"column":null}},"37":{"start":{"line":62,"column":6},"end":{"line":62,"column":null}},"38":{"start":{"line":63,"column":6},"end":{"line":63,"column":null}},"39":{"start":{"line":66,"column":4},"end":{"line":74,"column":null}},"40":{"start":{"line":67,"column":17},"end":{"line":67,"column":null}},"41":{"start":{"line":68,"column":6},"end":{"line":73,"column":null}},"42":{"start":{"line":69,"column":23},"end":{"line":69,"column":null}},"43":{"start":{"line":70,"column":8},"end":{"line":72,"column":null}},"44":{"start":{"line":71,"column":10},"end":{"line":71,"column":null}},"45":{"start":{"line":76,"column":4},"end":{"line":78,"column":null}},"46":{"start":{"line":77,"column":6},"end":{"line":77,"column":null}},"47":{"start":{"line":80,"column":4},"end":{"line":80,"column":null}},"48":{"start":{"line":87,"column":2},"end":{"line":89,"column":null}},"49":{"start":{"line":88,"column":4},"end":{"line":88,"column":null}},"50":{"start":{"line":90,"column":16},"end":{"line":90,"column":null}},"51":{"start":{"line":91,"column":2},"end":{"line":91,"column":null}},"52":{"start":{"line":91,"column":27},"end":{"line":91,"column":43}},"53":{"start":{"line":92,"column":2},"end":{"line":92,"column":null}},"54":{"start":{"line":92,"column":28},"end":{"line":92,"column":125}},"55":{"start":{"line":95,"column":30},"end":{"line":141,"column":null}},"56":{"start":{"line":97,"column":4},"end":{"line":110,"column":null}},"57":{"start":{"line":98,"column":6},"end":{"line":98,"column":null}},"58":{"start":{"line":99,"column":17},"end":{"line":99,"column":null}},"59":{"start":{"line":100,"column":17},"end":{"line":100,"column":null}},"60":{"start":{"line":101,"column":28},"end":{"line":104,"column":null}},"61":{"start":{"line":105,"column":6},"end":{"line":105,"column":null}},"62":{"start":{"line":106,"column":6},"end":{"line":106,"column":null}},"63":{"start":{"line":108,"column":17},"end":{"line":108,"column":null}},"64":{"start":{"line":109,"column":6},"end":{"line":109,"column":null}},"65":{"start":{"line":114,"column":4},"end":{"line":121,"column":null}},"66":{"start":{"line":115,"column":17},"end":{"line":115,"column":null}},"67":{"start":{"line":116,"column":17},"end":{"line":116,"column":null}},"68":{"start":{"line":117,"column":6},"end":{"line":117,"column":null}},"69":{"start":{"line":118,"column":6},"end":{"line":118,"column":null}},"70":{"start":{"line":120,"column":6},"end":{"line":120,"column":null}},"71":{"start":{"line":125,"column":17},"end":{"line":125,"column":null}},"72":{"start":{"line":126,"column":4},"end":{"line":126,"column":null}},"73":{"start":{"line":130,"column":4},"end":{"line":139,"column":null}},"74":{"start":{"line":131,"column":19},"end":{"line":131,"column":null}},"75":{"start":{"line":132,"column":6},"end":{"line":134,"column":null}},"76":{"start":{"line":133,"column":8},"end":{"line":133,"column":null}},"77":{"start":{"line":135,"column":6},"end":{"line":135,"column":null}},"78":{"start":{"line":136,"column":6},"end":{"line":136,"column":null}},"79":{"start":{"line":138,"column":6},"end":{"line":138,"column":null}}},"fnMap":{"0":{"name":"getDB","decl":{"start":{"line":14,"column":15},"end":{"line":14,"column":46}},"loc":{"start":{"line":14,"column":46},"end":{"line":35,"column":null}},"line":14},"1":{"name":"(anonymous_1)","decl":{"start":{"line":17,"column":6},"end":{"line":17,"column":14}},"loc":{"start":{"line":17,"column":30},"end":{"line":31,"column":null}},"line":17},"2":{"name":"putAppsInTx","decl":{"start":{"line":37,"column":15},"end":{"line":37,"column":27}},"loc":{"start":{"line":37,"column":115},"end":{"line":44,"column":null}},"line":37},"3":{"name":"(anonymous_3)","decl":{"start":{"line":43,"column":48},"end":{"line":43,"column":49}},"loc":{"start":{"line":43,"column":55},"end":{"line":43,"column":59}},"line":43},"4":{"name":"migrateIfNeeded","decl":{"start":{"line":46,"column":15},"end":{"line":46,"column":48}},"loc":{"start":{"line":46,"column":48},"end":{"line":84,"column":null}},"line":46},"5":{"name":"sortApps","decl":{"start":{"line":86,"column":9},"end":{"line":86,"column":18}},"loc":{"start":{"line":86,"column":88},"end":{"line":93,"column":null}},"line":86},"6":{"name":"(anonymous_6)","decl":{"start":{"line":91,"column":16},"end":{"line":91,"column":17}},"loc":{"start":{"line":91,"column":27},"end":{"line":91,"column":43}},"line":91},"7":{"name":"(anonymous_7)","decl":{"start":{"line":92,"column":24},"end":{"line":92,"column":25}},"loc":{"start":{"line":92,"column":28},"end":{"line":92,"column":125}},"line":92},"8":{"name":"(anonymous_8)","decl":{"start":{"line":96,"column":8},"end":{"line":96,"column":41}},"loc":{"start":{"line":96,"column":41},"end":{"line":111,"column":null}},"line":96},"9":{"name":"(anonymous_9)","decl":{"start":{"line":113,"column":8},"end":{"line":113,"column":17}},"loc":{"start":{"line":113,"column":52},"end":{"line":122,"column":null}},"line":113},"10":{"name":"(anonymous_10)","decl":{"start":{"line":124,"column":8},"end":{"line":124,"column":38}},"loc":{"start":{"line":124,"column":38},"end":{"line":127,"column":null}},"line":124},"11":{"name":"(anonymous_11)","decl":{"start":{"line":129,"column":8},"end":{"line":129,"column":19}},"loc":{"start":{"line":129,"column":62},"end":{"line":140,"column":null}},"line":129}},"branchMap":{"0":{"loc":{"start":{"line":15,"column":2},"end":{"line":33,"column":null}},"type":"if","locations":[{"start":{"line":15,"column":2},"end":{"line":33,"column":null}},{"start":{},"end":{}}],"line":15},"1":{"loc":{"start":{"line":18,"column":8},"end":{"line":22,"column":null}},"type":"if","locations":[{"start":{"line":18,"column":8},"end":{"line":22,"column":null}},{"start":{},"end":{}}],"line":18},"2":{"loc":{"start":{"line":19,"column":10},"end":{"line":21,"column":null}},"type":"if","locations":[{"start":{"line":19,"column":10},"end":{"line":21,"column":null}},{"start":{},"end":{}}],"line":19},"3":{"loc":{"start":{"line":23,"column":8},"end":{"line":30,"column":null}},"type":"if","locations":[{"start":{"line":23,"column":8},"end":{"line":30,"column":null}},{"start":{},"end":{}}],"line":23},"4":{"loc":{"start":{"line":24,"column":10},"end":{"line":26,"column":null}},"type":"if","locations":[{"start":{"line":24,"column":10},"end":{"line":26,"column":null}},{"start":{},"end":{}}],"line":24},"5":{"loc":{"start":{"line":27,"column":10},"end":{"line":29,"column":null}},"type":"if","locations":[{"start":{"line":27,"column":10},"end":{"line":29,"column":null}},{"start":{},"end":{}}],"line":27},"6":{"loc":{"start":{"line":52,"column":4},"end":{"line":55,"column":null}},"type":"if","locations":[{"start":{"line":52,"column":4},"end":{"line":55,"column":null}},{"start":{},"end":{}}],"line":52},"7":{"loc":{"start":{"line":61,"column":4},"end":{"line":64,"column":null}},"type":"if","locations":[{"start":{"line":61,"column":4},"end":{"line":64,"column":null}},{"start":{},"end":{}}],"line":61},"8":{"loc":{"start":{"line":66,"column":4},"end":{"line":74,"column":null}},"type":"if","locations":[{"start":{"line":66,"column":4},"end":{"line":74,"column":null}},{"start":{},"end":{}}],"line":66},"9":{"loc":{"start":{"line":68,"column":6},"end":{"line":73,"column":null}},"type":"if","locations":[{"start":{"line":68,"column":6},"end":{"line":73,"column":null}},{"start":{},"end":{}}],"line":68},"10":{"loc":{"start":{"line":70,"column":8},"end":{"line":72,"column":null}},"type":"if","locations":[{"start":{"line":70,"column":8},"end":{"line":72,"column":null}},{"start":{},"end":{}}],"line":70},"11":{"loc":{"start":{"line":76,"column":4},"end":{"line":78,"column":null}},"type":"if","locations":[{"start":{"line":76,"column":4},"end":{"line":78,"column":null}},{"start":{},"end":{}}],"line":76},"12":{"loc":{"start":{"line":87,"column":2},"end":{"line":89,"column":null}},"type":"if","locations":[{"start":{"line":87,"column":2},"end":{"line":89,"column":null}},{"start":{},"end":{}}],"line":87},"13":{"loc":{"start":{"line":87,"column":6},"end":{"line":87,"column":36}},"type":"binary-expr","locations":[{"start":{"line":87,"column":6},"end":{"line":87,"column":16}},{"start":{"line":87,"column":16},"end":{"line":87,"column":36}}],"line":87},"14":{"loc":{"start":{"line":92,"column":35},"end":{"line":92,"column":82}},"type":"binary-expr","locations":[{"start":{"line":92,"column":35},"end":{"line":92,"column":54}},{"start":{"line":92,"column":54},"end":{"line":92,"column":82}}],"line":92},"15":{"loc":{"start":{"line":92,"column":82},"end":{"line":92,"column":125}},"type":"binary-expr","locations":[{"start":{"line":92,"column":82},"end":{"line":92,"column":101}},{"start":{"line":92,"column":101},"end":{"line":92,"column":125}}],"line":92},"16":{"loc":{"start":{"line":109,"column":13},"end":{"line":109,"column":null}},"type":"cond-expr","locations":[{"start":{"line":109,"column":18},"end":{"line":109,"column":35}},{"start":{"line":109,"column":35},"end":{"line":109,"column":null}}],"line":109},"17":{"loc":{"start":{"line":132,"column":6},"end":{"line":134,"column":null}},"type":"if","locations":[{"start":{"line":132,"column":6},"end":{"line":134,"column":null}},{"start":{},"end":{}}],"line":132}},"s":{"0":1,"1":1,"2":1,"3":1,"4":1,"5":1,"6":1,"7":1,"8":0,"9":0,"10":0,"11":0,"12":0,"13":0,"14":0,"15":0,"16":0,"17":0,"18":0,"19":0,"20":0,"21":0,"22":0,"23":0,"24":0,"25":0,"26":0,"27":0,"28":0,"29":0,"30":0,"31":0,"32":0,"33":0,"34":0,"35":0,"36":0,"37":0,"38":0,"39":0,"40":0,"41":0,"42":0,"43":0,"44":0,"45":0,"46":0,"47":0,"48":0,"49":0,"50":0,"51":0,"52":0,"53":0,"54":0,"55":1,"56":0,"57":0,"58":0,"59":0,"60":0,"61":0,"62":0,"63":0,"64":0,"65":0,"66":0,"67":0,"68":0,"69":0,"70":0,"71":2,"72":2,"73":4,"74":4,"75":4,"76":1,"77":2,"78":2,"79":2},"f":{"0":0,"1":0,"2":0,"3":0,"4":0,"5":0,"6":0,"7":0,"8":0,"9":0,"10":2,"11":4},"b":{"0":[0,0],"1":[0,0],"2":[0,0],"3":[0,0],"4":[0,0],"5":[0,0],"6":[0,0],"7":[0,0],"8":[0,0],"9":[0,0],"10":[0,0],"11":[0,0],"12":[0,0],"13":[0,0],"14":[0,0],"15":[0,0],"16":[0,0],"17":[1,3]},"meta":{"lastBranch":18,"lastFunction":12,"lastStatement":80,"seen":{"s:4:16:4:Infinity":0,"s:5:19:5:Infinity":1,"s:6:19:6:Infinity":2,"s:7:19:7:Infinity":3,"s:8:21:8:Infinity":4,"s:9:20:9:Infinity":5,"s:10:18:10:Infinity":6,"s:12:46:12:Infinity":7,"f:14:15:14:46":0,"b:15:2:33:Infinity:undefined:undefined:undefined:undefined":0,"s:15:2:33:Infinity":8,"s:16:4:32:Infinity":9,"f:17:6:17:14":1,"b:18:8:22:Infinity:undefined:undefined:undefined:undefined":1,"s:18:8:22:Infinity":10,"b:19:10:21:Infinity:undefined:undefined:undefined:undefined":2,"s:19:10:21:Infinity":11,"s:20:12:20:Infinity":12,"b:23:8:30:Infinity:undefined:undefined:undefined:undefined":3,"s:23:8:30:Infinity":13,"b:24:10:26:Infinity:undefined:undefined:undefined:undefined":4,"s:24:10:26:Infinity":14,"s:25:12:25:Infinity":15,"b:27:10:29:Infinity:undefined:undefined:undefined:undefined":5,"s:27:10:29:Infinity":16,"s:28:12:28:Infinity":17,"s:34:2:34:Infinity":18,"f:37:15:37:27":2,"s:38:20:38:Infinity":19,"s:39:2:39:Infinity":20,"s:40:2:42:Infinity":21,"s:41:4:41:Infinity":22,"s:43:2:43:Infinity":23,"f:43:48:43:49":3,"s:43:55:43:59":24,"f:46:15:46:48":4,"s:47:2:83:Infinity":25,"s:48:15:48:Infinity":26,"s:49:15:49:Infinity":27,"s:50:22:50:Infinity":28,"s:51:25:51:Infinity":29,"b:52:4:55:Infinity:undefined:undefined:undefined:undefined":6,"s:52:4:55:Infinity":30,"s:53:6:53:Infinity":31,"s:54:6:54:Infinity":32,"s:57:42:57:Infinity":33,"s:59:24:59:Infinity":34,"s:60:23:60:Infinity":35,"b:61:4:64:Infinity:undefined:undefined:undefined:undefined":7,"s:61:4:64:Infinity":36,"s:62:6:62:Infinity":37,"s:63:6:63:Infinity":38,"b:66:4:74:Infinity:undefined:undefined:undefined:undefined":8,"s:66:4:74:Infinity":39,"s:67:17:67:Infinity":40,"b:68:6:73:Infinity:undefined:undefined:undefined:undefined":9,"s:68:6:73:Infinity":41,"s:69:23:69:Infinity":42,"b:70:8:72:Infinity:undefined:undefined:undefined:undefined":10,"s:70:8:72:Infinity":43,"s:71:10:71:Infinity":44,"b:76:4:78:Infinity:undefined:undefined:undefined:undefined":11,"s:76:4:78:Infinity":45,"s:77:6:77:Infinity":46,"s:80:4:80:Infinity":47,"f:86:9:86:18":5,"b:87:2:89:Infinity:undefined:undefined:undefined:undefined":12,"s:87:2:89:Infinity":48,"b:87:6:87:16:87:16:87:36":13,"s:88:4:88:Infinity":49,"s:90:16:90:Infinity":50,"s:91:2:91:Infinity":51,"f:91:16:91:17":6,"s:91:27:91:43":52,"s:92:2:92:Infinity":53,"f:92:24:92:25":7,"s:92:28:92:125":54,"b:92:35:92:54:92:54:92:82":14,"b:92:82:92:101:92:101:92:125":15,"s:95:30:141:Infinity":55,"f:96:8:96:41":8,"s:97:4:110:Infinity":56,"s:98:6:98:Infinity":57,"s:99:17:99:Infinity":58,"s:100:17:100:Infinity":59,"s:101:28:104:Infinity":60,"s:105:6:105:Infinity":61,"s:106:6:106:Infinity":62,"s:108:17:108:Infinity":63,"s:109:6:109:Infinity":64,"b:109:18:109:35:109:35:109:Infinity":16,"f:113:8:113:17":9,"s:114:4:121:Infinity":65,"s:115:17:115:Infinity":66,"s:116:17:116:Infinity":67,"s:117:6:117:Infinity":68,"s:118:6:118:Infinity":69,"s:120:6:120:Infinity":70,"f:124:8:124:38":10,"s:125:17:125:Infinity":71,"s:126:4:126:Infinity":72,"f:129:8:129:19":11,"s:130:4:139:Infinity":73,"s:131:19:131:Infinity":74,"b:132:6:134:Infinity:undefined:undefined:undefined:undefined":17,"s:132:6:134:Infinity":75,"s:133:8:133:Infinity":76,"s:135:6:135:Infinity":77,"s:136:6:136:Infinity":78,"s:138:6:138:Infinity":79}}}
,"/home/runner/work/android.tiogars.fr/android.tiogars.fr/src/types.ts": {"path":"/home/runner/work/android.tiogars.fr/android.tiogars.fr/src/types.ts","statementMap":{},"fnMap":{},"branchMap":{},"s":{},"f":{},"b":{},"meta":{"lastBranch":0,"lastFunction":0,"lastStatement":0,"seen":{}}}
,"/home/runner/work/android.tiogars.fr/android.tiogars.fr/src/utils.ts": {"path":"/home/runner/work/android.tiogars.fr/android.tiogars.fr/src/utils.ts","statementMap":{"0":{"start":{"line":21,"column":19},"end":{"line":26,"column":null}},"1":{"start":{"line":28,"column":2},"end":{"line":33,"column":null}},"2":{"start":{"line":29,"column":18},"end":{"line":29,"column":null}},"3":{"start":{"line":30,"column":4},"end":{"line":32,"column":null}},"4":{"start":{"line":31,"column":6},"end":{"line":31,"column":null}},"5":{"start":{"line":36,"column":2},"end":{"line":36,"column":null}}},"fnMap":{"0":{"name":"extractAppNameFromTitle","decl":{"start":{"line":17,"column":16},"end":{"line":17,"column":40}},"loc":{"start":{"line":17,"column":63},"end":{"line":37,"column":null}},"line":17}},"branchMap":{"0":{"loc":{"start":{"line":30,"column":4},"end":{"line":32,"column":null}},"type":"if","locations":[{"start":{"line":30,"column":4},"end":{"line":32,"column":null}},{"start":{},"end":{}}],"line":30},"1":{"loc":{"start":{"line":30,"column":8},"end":{"line":30,"column":27}},"type":"binary-expr","locations":[{"start":{"line":30,"column":8},"end":{"line":30,"column":17}},{"start":{"line":30,"column":17},"end":{"line":30,"column":27}}],"line":30}},"s":{"0":11,"1":11,"2":29,"3":29,"4":7,"5":4},"f":{"0":11},"b":{"0":[7,22],"1":[29,8]},"meta":{"lastBranch":2,"lastFunction":1,"lastStatement":6,"seen":{"f:17:16:17:40":0,"s:21:19:26:Infinity":0,"s:28:2:33:Infinity":1,"s:29:18:29:Infinity":2,"b:30:4:32:Infinity:undefined:undefined:undefined:undefined":0,"s:30:4:32:Infinity":3,"b:30:8:30:17:30:17:30:27":1,"s:31:6:31:Infinity":4,"s:36:2:36:Infinity":5}}}
,"/home/runner/work/android.tiogars.fr/android.tiogars.fr/src/components/AppDetail.tsx": {"path":"/home/runner/work/android.tiogars.fr/android.tiogars.fr/src/components/AppDetail.tsx","statementMap":{"0":{"start":{"line":27,"column":13},"end":{"line":27,"column":null}},"1":{"start":{"line":28,"column":8},"end":{"line":28,"column":null}},"2":{"start":{"line":30,"column":14},"end":{"line":30,"column":null}},"3":{"start":{"line":30,"column":31},"end":{"line":30,"column":42}},"4":{"start":{"line":32,"column":2},"end":{"line":51,"column":null}},"5":{"start":{"line":33,"column":4},"end":{"line":49,"column":null}},"6":{"start":{"line":53,"column":32},"end":{"line":55,"column":null}},"7":{"start":{"line":54,"column":4},"end":{"line":54,"column":null}},"8":{"start":{"line":57,"column":21},"end":{"line":59,"column":null}},"9":{"start":{"line":58,"column":4},"end":{"line":58,"column":null}},"10":{"start":{"line":61,"column":23},"end":{"line":64,"column":null}},"11":{"start":{"line":62,"column":4},"end":{"line":62,"column":null}},"12":{"start":{"line":63,"column":4},"end":{"line":63,"column":null}},"13":{"start":{"line":66,"column":2},"end":{"line":147,"column":null}},"14":{"start":{"line":99,"column":16},"end":{"line":105,"column":null}}},"fnMap":{"0":{"name":"AppDetail","decl":{"start":{"line":26,"column":24},"end":{"line":26,"column":34}},"loc":{"start":{"line":26,"column":78},"end":{"line":149,"column":null}},"line":26},"1":{"name":"(anonymous_1)","decl":{"start":{"line":30,"column":24},"end":{"line":30,"column":25}},"loc":{"start":{"line":30,"column":31},"end":{"line":30,"column":42}},"line":30},"2":{"name":"(anonymous_2)","decl":{"start":{"line":53,"column":32},"end":{"line":53,"column":38}},"loc":{"start":{"line":53,"column":38},"end":{"line":55,"column":null}},"line":53},"3":{"name":"(anonymous_3)","decl":{"start":{"line":57,"column":21},"end":{"line":57,"column":27}},"loc":{"start":{"line":57,"column":27},"end":{"line":59,"column":null}},"line":57},"4":{"name":"(anonymous_4)","decl":{"start":{"line":61,"column":23},"end":{"line":61,"column":29}},"loc":{"start":{"line":61,"column":29},"end":{"line":64,"column":null}},"line":61},"5":{"name":"(anonymous_5)","decl":{"start":{"line":98,"column":32},"end":{"line":98,"column":33}},"loc":{"start":{"line":99,"column":16},"end":{"line":105,"column":null}},"line":99}},"branchMap":{"0":{"loc":{"start":{"line":32,"column":2},"end":{"line":51,"column":null}},"type":"if","locations":[{"start":{"line":32,"column":2},"end":{"line":51,"column":null}},{"start":{},"end":{}}],"line":32},"1":{"loc":{"start":{"line":117,"column":11},"end":{"line":117,"column":null}},"type":"binary-expr","locations":[{"start":{"line":117,"column":11},"end":{"line":117,"column":30}},{"start":{"line":117,"column":30},"end":{"line":117,"column":null}}],"line":117}},"s":{"0":0,"1":0,"2":0,"3":0,"4":0,"5":0,"6":0,"7":0,"8":0,"9":0,"10":0,"11":0,"12":0,"13":0,"14":0},"f":{"0":0,"1":0,"2":0,"3":0,"4":0,"5":0},"b":{"0":[0,0],"1":[0,0]},"meta":{"lastBranch":2,"lastFunction":6,"lastStatement":15,"seen":{"f:26:24:26:34":0,"s:27:13:27:Infinity":0,"s:28:8:28:Infinity":1,"s:30:14:30:Infinity":2,"f:30:24:30:25":1,"s:30:31:30:42":3,"b:32:2:51:Infinity:undefined:undefined:undefined:undefined":0,"s:32:2:51:Infinity":4,"s:33:4:49:Infinity":5,"s:53:32:55:Infinity":6,"f:53:32:53:38":2,"s:54:4:54:Infinity":7,"s:57:21:59:Infinity":8,"f:57:21:57:27":3,"s:58:4:58:Infinity":9,"s:61:23:64:Infinity":10,"f:61:23:61:29":4,"s:62:4:62:Infinity":11,"s:63:4:63:Infinity":12,"s:66:2:147:Infinity":13,"f:98:32:98:33":5,"s:99:16:105:Infinity":14,"b:117:11:117:30:117:30:117:Infinity":1}}}
,"/home/runner/work/android.tiogars.fr/android.tiogars.fr/src/components/AppFormDialog.tsx": {"path":"/home/runner/work/android.tiogars.fr/android.tiogars.fr/src/components/AppFormDialog.tsx","statementMap":{"0":{"start":{"line":26,"column":30},"end":{"line":32,"column":null}},"1":{"start":{"line":33,"column":30},"end":{"line":33,"column":null}},"2":{"start":{"line":35,"column":2},"end":{"line":54,"column":null}},"3":{"start":{"line":36,"column":4},"end":{"line":52,"column":null}},"4":{"start":{"line":37,"column":6},"end":{"line":43,"column":null}},"5":{"start":{"line":45,"column":6},"end":{"line":51,"column":null}},"6":{"start":{"line":53,"column":4},"end":{"line":53,"column":null}},"7":{"start":{"line":56,"column":28},"end":{"line":65,"column":null}},"8":{"start":{"line":57,"column":17},"end":{"line":57,"column":null}},"9":{"start":{"line":58,"column":4},"end":{"line":64,"column":null}},"10":{"start":{"line":59,"column":21},"end":{"line":59,"column":null}},"11":{"start":{"line":60,"column":6},"end":{"line":62,"column":null}},"12":{"start":{"line":61,"column":8},"end":{"line":61,"column":null}},"13":{"start":{"line":63,"column":6},"end":{"line":63,"column":null}},"14":{"start":{"line":67,"column":23},"end":{"line":76,"column":null}},"15":{"start":{"line":68,"column":23},"end":{"line":68,"column":null}},"16":{"start":{"line":69,"column":4},"end":{"line":75,"column":null}},"17":{"start":{"line":70,"column":6},"end":{"line":73,"column":null}},"18":{"start":{"line":74,"column":6},"end":{"line":74,"column":null}},"19":{"start":{"line":78,"column":26},"end":{"line":83,"column":null}},"20":{"start":{"line":79,"column":4},"end":{"line":82,"column":null}},"21":{"start":{"line":81,"column":50},"end":{"line":81,"column":69}},"22":{"start":{"line":85,"column":23},"end":{"line":93,"column":null}},"23":{"start":{"line":86,"column":4},"end":{"line":92,"column":null}},"24":{"start":{"line":87,"column":34},"end":{"line":90,"column":null}},"25":{"start":{"line":91,"column":6},"end":{"line":91,"column":null}},"26":{"start":{"line":95,"column":32},"end":{"line":100,"column":null}},"27":{"start":{"line":96,"column":4},"end":{"line":99,"column":null}},"28":{"start":{"line":97,"column":6},"end":{"line":97,"column":null}},"29":{"start":{"line":98,"column":6},"end":{"line":98,"column":null}},"30":{"start":{"line":102,"column":2},"end":{"line":212,"column":null}},"31":{"start":{"line":149,"column":29},"end":{"line":149,"column":null}},"32":{"start":{"line":158,"column":29},"end":{"line":158,"column":null}},"33":{"start":{"line":168,"column":29},"end":{"line":168,"column":null}},"34":{"start":{"line":180,"column":33},"end":{"line":180,"column":null}},"35":{"start":{"line":190,"column":16},"end":{"line":195,"column":null}},"36":{"start":{"line":193,"column":34},"end":{"line":193,"column":null}}},"fnMap":{"0":{"name":"AppFormDialog","decl":{"start":{"line":25,"column":24},"end":{"line":25,"column":38}},"loc":{"start":{"line":25,"column":90},"end":{"line":214,"column":null}},"line":25},"1":{"name":"(anonymous_1)","decl":{"start":{"line":35,"column":12},"end":{"line":35,"column":18}},"loc":{"start":{"line":35,"column":18},"end":{"line":54,"column":5}},"line":35},"2":{"name":"(anonymous_2)","decl":{"start":{"line":56,"column":28},"end":{"line":56,"column":29}},"loc":{"start":{"line":56,"column":76},"end":{"line":65,"column":null}},"line":56},"3":{"name":"(anonymous_3)","decl":{"start":{"line":60,"column":25},"end":{"line":60,"column":31}},"loc":{"start":{"line":60,"column":31},"end":{"line":62,"column":null}},"line":60},"4":{"name":"(anonymous_4)","decl":{"start":{"line":67,"column":23},"end":{"line":67,"column":29}},"loc":{"start":{"line":67,"column":29},"end":{"line":76,"column":null}},"line":67},"5":{"name":"(anonymous_5)","decl":{"start":{"line":78,"column":26},"end":{"line":78,"column":27}},"loc":{"start":{"line":78,"column":51},"end":{"line":83,"column":null}},"line":78},"6":{"name":"(anonymous_6)","decl":{"start":{"line":81,"column":41},"end":{"line":81,"column":42}},"loc":{"start":{"line":81,"column":50},"end":{"line":81,"column":69}},"line":81},"7":{"name":"(anonymous_7)","decl":{"start":{"line":85,"column":23},"end":{"line":85,"column":29}},"loc":{"start":{"line":85,"column":29},"end":{"line":93,"column":null}},"line":85},"8":{"name":"(anonymous_8)","decl":{"start":{"line":95,"column":32},"end":{"line":95,"column":33}},"loc":{"start":{"line":95,"column":60},"end":{"line":100,"column":null}},"line":95},"9":{"name":"(anonymous_9)","decl":{"start":{"line":149,"column":22},"end":{"line":149,"column":23}},"loc":{"start":{"line":149,"column":29},"end":{"line":149,"column":null}},"line":149},"10":{"name":"(anonymous_10)","decl":{"start":{"line":158,"column":22},"end":{"line":158,"column":23}},"loc":{"start":{"line":158,"column":29},"end":{"line":158,"column":null}},"line":158},"11":{"name":"(anonymous_11)","decl":{"start":{"line":168,"column":22},"end":{"line":168,"column":23}},"loc":{"start":{"line":168,"column":29},"end":{"line":168,"column":null}},"line":168},"12":{"name":"(anonymous_12)","decl":{"start":{"line":180,"column":26},"end":{"line":180,"column":27}},"loc":{"start":{"line":180,"column":33},"end":{"line":180,"column":null}},"line":180},"13":{"name":"(anonymous_13)","decl":{"start":{"line":189,"column":37},"end":{"line":189,"column":38}},"loc":{"start":{"line":190,"column":16},"end":{"line":195,"column":null}},"line":190},"14":{"name":"(anonymous_14)","decl":{"start":{"line":193,"column":28},"end":{"line":193,"column":34}},"loc":{"start":{"line":193,"column":34},"end":{"line":193,"column":null}},"line":193}},"branchMap":{"0":{"loc":{"start":{"line":36,"column":4},"end":{"line":52,"column":null}},"type":"if","locations":[{"start":{"line":36,"column":4},"end":{"line":52,"column":null}},{"start":{"line":44,"column":11},"end":{"line":52,"column":null}}],"line":36},"1":{"loc":{"start":{"line":42,"column":14},"end":{"line":42,"column":null}},"type":"binary-expr","locations":[{"start":{"line":42,"column":14},"end":{"line":42,"column":26}},{"start":{"line":42,"column":26},"end":{"line":42,"column":null}}],"line":42},"2":{"loc":{"start":{"line":58,"column":4},"end":{"line":64,"column":null}},"type":"if","locations":[{"start":{"line":58,"column":4},"end":{"line":64,"column":null}},{"start":{},"end":{}}],"line":58},"3":{"loc":{"start":{"line":69,"column":4},"end":{"line":75,"column":null}},"type":"if","locations":[{"start":{"line":69,"column":4},"end":{"line":75,"column":null}},{"start":{},"end":{}}],"line":69},"4":{"loc":{"start":{"line":69,"column":8},"end":{"line":69,"column":63}},"type":"binary-expr","locations":[{"start":{"line":69,"column":8},"end":{"line":69,"column":22}},{"start":{"line":69,"column":22},"end":{"line":69,"column":63}}],"line":69},"5":{"loc":{"start":{"line":86,"column":4},"end":{"line":92,"column":null}},"type":"if","locations":[{"start":{"line":86,"column":4},"end":{"line":92,"column":null}},{"start":{},"end":{}}],"line":86},"6":{"loc":{"start":{"line":86,"column":8},"end":{"line":86,"column":47}},"type":"binary-expr","locations":[{"start":{"line":86,"column":8},"end":{"line":86,"column":25}},{"start":{"line":86,"column":25},"end":{"line":86,"column":47}}],"line":86},"7":{"loc":{"start":{"line":88,"column":12},"end":{"line":88,"column":null}},"type":"binary-expr","locations":[{"start":{"line":88,"column":12},"end":{"line":88,"column":23}},{"start":{"line":88,"column":23},"end":{"line":88,"column":null}}],"line":88},"8":{"loc":{"start":{"line":96,"column":4},"end":{"line":99,"column":null}},"type":"if","locations":[{"start":{"line":96,"column":4},"end":{"line":99,"column":null}},{"start":{},"end":{}}],"line":96},"9":{"loc":{"start":{"line":105,"column":9},"end":{"line":105,"column":null}},"type":"cond-expr","locations":[{"start":{"line":105,"column":15},"end":{"line":105,"column":28}},{"start":{"line":105,"column":28},"end":{"line":105,"column":null}}],"line":105},"10":{"loc":{"start":{"line":207,"column":20},"end":{"line":207,"column":null}},"type":"binary-expr","locations":[{"start":{"line":207,"column":20},"end":{"line":207,"column":38}},{"start":{"line":207,"column":38},"end":{"line":207,"column":null}}],"line":207},"11":{"loc":{"start":{"line":209,"column":11},"end":{"line":209,"column":null}},"type":"cond-expr","locations":[{"start":{"line":209,"column":17},"end":{"line":209,"column":28}},{"start":{"line":209,"column":28},"end":{"line":209,"column":null}}],"line":209}},"s":{"0":118,"1":118,"2":118,"3":17,"4":3,"5":14,"6":17,"7":118,"8":0,"9":0,"10":0,"11":0,"12":0,"13":0,"14":118,"15":4,"16":4,"17":3,"18":3,"19":118,"20":1,"21":2,"22":118,"23":1,"24":1,"25":1,"26":118,"27":26,"28":1,"29":1,"30":118,"31":18,"32":22,"33":15,"34":25,"35":16,"36":1},"f":{"0":118,"1":17,"2":0,"3":0,"4":4,"5":1,"6":2,"7":1,"8":26,"9":18,"10":22,"11":15,"12":25,"13":16,"14":1},"b":{"0":[3,14],"1":[3,2],"2":[0,0],"3":[3,1],"4":[4,4],"5":[1,0],"6":[1,1],"7":[1,1],"8":[1,25],"9":[7,111],"10":[118,60],"11":[7,111]},"meta":{"lastBranch":12,"lastFunction":15,"lastStatement":37,"seen":{"f:25:24:25:38":0,"s:26:30:32:Infinity":0,"s:33:30:33:Infinity":1,"s:35:2:54:Infinity":2,"f:35:12:35:18":1,"b:36:4:52:Infinity:44:11:52:Infinity":0,"s:36:4:52:Infinity":3,"s:37:6:43:Infinity":4,"b:42:14:42:26:42:26:42:Infinity":1,"s:45:6:51:Infinity":5,"s:53:4:53:Infinity":6,"s:56:28:65:Infinity":7,"f:56:28:56:29":2,"s:57:17:57:Infinity":8,"b:58:4:64:Infinity:undefined:undefined:undefined:undefined":2,"s:58:4:64:Infinity":9,"s:59:21:59:Infinity":10,"s:60:6:62:Infinity":11,"f:60:25:60:31":3,"s:61:8:61:Infinity":12,"s:63:6:63:Infinity":13,"s:67:23:76:Infinity":14,"f:67:23:67:29":4,"s:68:23:68:Infinity":15,"b:69:4:75:Infinity:undefined:undefined:undefined:undefined":3,"s:69:4:75:Infinity":16,"b:69:8:69:22:69:22:69:63":4,"s:70:6:73:Infinity":17,"s:74:6:74:Infinity":18,"s:78:26:83:Infinity":19,"f:78:26:78:27":5,"s:79:4:82:Infinity":20,"f:81:41:81:42":6,"s:81:50:81:69":21,"s:85:23:93:Infinity":22,"f:85:23:85:29":7,"b:86:4:92:Infinity:undefined:undefined:undefined:undefined":5,"s:86:4:92:Infinity":23,"b:86:8:86:25:86:25:86:47":6,"s:87:34:90:Infinity":24,"b:88:12:88:23:88:23:88:Infinity":7,"s:91:6:91:Infinity":25,"s:95:32:100:Infinity":26,"f:95:32:95:33":8,"b:96:4:99:Infinity:undefined:undefined:undefined:undefined":8,"s:96:4:99:Infinity":27,"s:97:6:97:Infinity":28,"s:98:6:98:Infinity":29,"s:102:2:212:Infinity":30,"b:105:15:105:28:105:28:105:Infinity":9,"f:149:22:149:23":9,"s:149:29:149:Infinity":31,"f:158:22:158:23":10,"s:158:29:158:Infinity":32,"f:168:22:168:23":11,"s:168:29:168:Infinity":33,"f:180:26:180:27":12,"s:180:33:180:Infinity":34,"f:189:37:189:38":13,"s:190:16:195:Infinity":35,"f:193:28:193:34":14,"s:193:34:193:Infinity":36,"b:207:20:207:38:207:38:207:Infinity":10,"b:209:17:209:28:209:28:209:Infinity":11}}}
,"/home/runner/work/android.tiogars.fr/android.tiogars.fr/src/components/AppList.tsx": {"path":"/home/runner/work/android.tiogars.fr/android.tiogars.fr/src/components/AppList.tsx","statementMap":{"0":{"start":{"line":23,"column":32},"end":{"line":25,"column":null}},"1":{"start":{"line":24,"column":4},"end":{"line":24,"column":null}},"2":{"start":{"line":27,"column":2},"end":{"line":131,"column":null}},"3":{"start":{"line":40,"column":8},"end":{"line":129,"column":null}},"4":{"start":{"line":78,"column":18},"end":{"line":83,"column":null}},"5":{"start":{"line":105,"column":33},"end":{"line":105,"column":null}},"6":{"start":{"line":114,"column":33},"end":{"line":114,"column":null}},"7":{"start":{"line":122,"column":33},"end":{"line":122,"column":null}}},"fnMap":{"0":{"name":"AppList","decl":{"start":{"line":22,"column":24},"end":{"line":22,"column":32}},"loc":{"start":{"line":22,"column":74},"end":{"line":133,"column":null}},"line":22},"1":{"name":"(anonymous_1)","decl":{"start":{"line":23,"column":32},"end":{"line":23,"column":33}},"loc":{"start":{"line":23,"column":57},"end":{"line":25,"column":null}},"line":23},"2":{"name":"(anonymous_2)","decl":{"start":{"line":39,"column":16},"end":{"line":39,"column":17}},"loc":{"start":{"line":40,"column":8},"end":{"line":129,"column":null}},"line":40},"3":{"name":"(anonymous_3)","decl":{"start":{"line":77,"column":34},"end":{"line":77,"column":35}},"loc":{"start":{"line":78,"column":18},"end":{"line":83,"column":null}},"line":78},"4":{"name":"(anonymous_4)","decl":{"start":{"line":105,"column":27},"end":{"line":105,"column":33}},"loc":{"start":{"line":105,"column":33},"end":{"line":105,"column":null}},"line":105},"5":{"name":"(anonymous_5)","decl":{"start":{"line":114,"column":27},"end":{"line":114,"column":33}},"loc":{"start":{"line":114,"column":33},"end":{"line":114,"column":null}},"line":114},"6":{"name":"(anonymous_6)","decl":{"start":{"line":122,"column":27},"end":{"line":122,"column":33}},"loc":{"start":{"line":122,"column":33},"end":{"line":122,"column":null}},"line":122}},"branchMap":{},"s":{"0":19,"1":1,"2":19,"3":32,"4":50,"5":1,"6":1,"7":1},"f":{"0":19,"1":1,"2":32,"3":50,"4":1,"5":1,"6":1},"b":{},"meta":{"lastBranch":0,"lastFunction":7,"lastStatement":8,"seen":{"f:22:24:22:32":0,"s:23:32:25:Infinity":0,"f:23:32:23:33":1,"s:24:4:24:Infinity":1,"s:27:2:131:Infinity":2,"f:39:16:39:17":2,"s:40:8:129:Infinity":3,"f:77:34:77:35":3,"s:78:18:83:Infinity":4,"f:105:27:105:33":4,"s:105:33:105:Infinity":5,"f:114:27:114:33":5,"s:114:33:114:Infinity":6,"f:122:27:122:33":6,"s:122:33:122:Infinity":7}}}
,"/home/runner/work/android.tiogars.fr/android.tiogars.fr/src/components/FilterPanel.tsx": {"path":"/home/runner/work/android.tiogars.fr/android.tiogars.fr/src/components/FilterPanel.tsx","statementMap":{"0":{"start":{"line":11,"column":25},"end":{"line":17,"column":null}},"1":{"start":{"line":12,"column":4},"end":{"line":16,"column":null}},"2":{"start":{"line":13,"column":6},"end":{"line":13,"column":null}},"3":{"start":{"line":13,"column":46},"end":{"line":13,"column":55}},"4":{"start":{"line":15,"column":6},"end":{"line":15,"column":null}},"5":{"start":{"line":19,"column":2},"end":{"line":21,"column":null}},"6":{"start":{"line":20,"column":4},"end":{"line":20,"column":null}},"7":{"start":{"line":23,"column":2},"end":{"line":50,"column":null}},"8":{"start":{"line":31,"column":10},"end":{"line":37,"column":null}},"9":{"start":{"line":34,"column":27},"end":{"line":34,"column":null}},"10":{"start":{"line":45,"column":28},"end":{"line":45,"column":null}},"11":{"start":{"line":46,"column":27},"end":{"line":46,"column":null}}},"fnMap":{"0":{"name":"FilterPanel","decl":{"start":{"line":10,"column":24},"end":{"line":10,"column":36}},"loc":{"start":{"line":10,"column":95},"end":{"line":52,"column":null}},"line":10},"1":{"name":"(anonymous_1)","decl":{"start":{"line":11,"column":25},"end":{"line":11,"column":26}},"loc":{"start":{"line":11,"column":42},"end":{"line":17,"column":null}},"line":11},"2":{"name":"(anonymous_2)","decl":{"start":{"line":13,"column":39},"end":{"line":13,"column":40}},"loc":{"start":{"line":13,"column":46},"end":{"line":13,"column":55}},"line":13},"3":{"name":"(anonymous_3)","decl":{"start":{"line":30,"column":21},"end":{"line":30,"column":22}},"loc":{"start":{"line":31,"column":10},"end":{"line":37,"column":null}},"line":31},"4":{"name":"(anonymous_4)","decl":{"start":{"line":34,"column":21},"end":{"line":34,"column":27}},"loc":{"start":{"line":34,"column":27},"end":{"line":34,"column":null}},"line":34},"5":{"name":"(anonymous_5)","decl":{"start":{"line":45,"column":22},"end":{"line":45,"column":28}},"loc":{"start":{"line":45,"column":28},"end":{"line":45,"column":null}},"line":45},"6":{"name":"(anonymous_6)","decl":{"start":{"line":46,"column":21},"end":{"line":46,"column":27}},"loc":{"start":{"line":46,"column":27},"end":{"line":46,"column":null}},"line":46}},"branchMap":{"0":{"loc":{"start":{"line":12,"column":4},"end":{"line":16,"column":null}},"type":"if","locations":[{"start":{"line":12,"column":4},"end":{"line":16,"column":null}},{"start":{"line":14,"column":11},"end":{"line":16,"column":null}}],"line":12},"1":{"loc":{"start":{"line":19,"column":2},"end":{"line":21,"column":null}},"type":"if","locations":[{"start":{"line":19,"column":2},"end":{"line":21,"column":null}},{"start":{},"end":{}}],"line":19},"2":{"loc":{"start":{"line":35,"column":19},"end":{"line":35,"column":null}},"type":"cond-expr","locations":[{"start":{"line":35,"column":48},"end":{"line":35,"column":60}},{"start":{"line":35,"column":60},"end":{"line":35,"column":null}}],"line":35},"3":{"loc":{"start":{"line":36,"column":21},"end":{"line":36,"column":null}},"type":"cond-expr","locations":[{"start":{"line":36,"column":50},"end":{"line":36,"column":61}},{"start":{"line":36,"column":61},"end":{"line":36,"column":null}}],"line":36},"4":{"loc":{"start":{"line":40,"column":7},"end":{"line":48,"column":null}},"type":"binary-expr","locations":[{"start":{"line":40,"column":7},"end":{"line":40,"column":null}},{"start":{"line":41,"column":8},"end":{"line":48,"column":null}}],"line":40}},"s":{"0":14,"1":6,"2":1,"3":2,"4":5,"5":14,"6":1,"7":13,"8":37,"9":6,"10":0,"11":1},"f":{"0":14,"1":6,"2":2,"3":37,"4":6,"5":0,"6":1},"b":{"0":[1,5],"1":[1,13],"2":[7,30],"3":[7,30],"4":[13,5]},"meta":{"lastBranch":5,"lastFunction":7,"lastStatement":12,"seen":{"f:10:24:10:36":0,"s:11:25:17:Infinity":0,"f:11:25:11:26":1,"b:12:4:16:Infinity:14:11:16:Infinity":0,"s:12:4:16:Infinity":1,"s:13:6:13:Infinity":2,"f:13:39:13:40":2,"s:13:46:13:55":3,"s:15:6:15:Infinity":4,"b:19:2:21:Infinity:undefined:undefined:undefined:undefined":1,"s:19:2:21:Infinity":5,"s:20:4:20:Infinity":6,"s:23:2:50:Infinity":7,"f:30:21:30:22":3,"s:31:10:37:Infinity":8,"f:34:21:34:27":4,"s:34:27:34:Infinity":9,"b:35:48:35:60:35:60:35:Infinity":2,"b:36:50:36:61:36:61:36:Infinity":3,"b:40:7:40:Infinity:41:8:48:Infinity":4,"f:45:22:45:28":5,"s:45:28:45:Infinity":10,"f:46:21:46:27":6,"s:46:27:46:Infinity":11}}}
,"/home/runner/work/android.tiogars.fr/android.tiogars.fr/src/components/Footer.tsx": {"path":"/home/runner/work/android.tiogars.fr/android.tiogars.fr/src/components/Footer.tsx","statementMap":{"0":{"start":{"line":5,"column":8},"end":{"line":5,"column":null}},"1":{"start":{"line":6,"column":24},"end":{"line":6,"column":null}},"2":{"start":{"line":7,"column":24},"end":{"line":7,"column":null}},"3":{"start":{"line":8,"column":21},"end":{"line":8,"column":null}},"4":{"start":{"line":10,"column":26},"end":{"line":12,"column":null}},"5":{"start":{"line":11,"column":4},"end":{"line":11,"column":null}},"6":{"start":{"line":14,"column":27},"end":{"line":16,"column":null}},"7":{"start":{"line":15,"column":4},"end":{"line":15,"column":null}},"8":{"start":{"line":18,"column":25},"end":{"line":25,"column":null}},"9":{"start":{"line":27,"column":2},"end":{"line":123,"column":null}},"10":{"start":{"line":35,"column":10},"end":{"line":37,"column":null}},"11":{"start":{"line":96,"column":16},"end":{"line":117,"column":null}}},"fnMap":{"0":{"name":"Footer","decl":{"start":{"line":4,"column":24},"end":{"line":4,"column":33}},"loc":{"start":{"line":4,"column":33},"end":{"line":125,"column":null}},"line":4},"1":{"name":"(anonymous_1)","decl":{"start":{"line":10,"column":26},"end":{"line":10,"column":32}},"loc":{"start":{"line":10,"column":32},"end":{"line":12,"column":null}},"line":10},"2":{"name":"(anonymous_2)","decl":{"start":{"line":14,"column":27},"end":{"line":14,"column":33}},"loc":{"start":{"line":14,"column":33},"end":{"line":16,"column":null}},"line":14},"3":{"name":"(anonymous_3)","decl":{"start":{"line":34,"column":25},"end":{"line":34,"column":26}},"loc":{"start":{"line":35,"column":10},"end":{"line":37,"column":null}},"line":35},"4":{"name":"(anonymous_4)","decl":{"start":{"line":95,"column":34},"end":{"line":95,"column":35}},"loc":{"start":{"line":96,"column":16},"end":{"line":117,"column":null}},"line":96}},"branchMap":{"0":{"loc":{"start":{"line":7,"column":24},"end":{"line":7,"column":null}},"type":"cond-expr","locations":[{"start":{"line":7,"column":56},"end":{"line":7,"column":77}},{"start":{"line":7,"column":77},"end":{"line":7,"column":null}}],"line":7},"1":{"loc":{"start":{"line":35,"column":10},"end":{"line":37,"column":null}},"type":"cond-expr","locations":[{"start":{"line":36,"column":14},"end":{"line":36,"column":null}},{"start":{"line":37,"column":14},"end":{"line":37,"column":null}}],"line":35},"2":{"loc":{"start":{"line":112,"column":19},"end":{"line":115,"column":null}},"type":"binary-expr","locations":[{"start":{"line":112,"column":19},"end":{"line":112,"column":null}},{"start":{"line":113,"column":20},"end":{"line":115,"column":null}}],"line":112}},"s":{"0":0,"1":0,"2":0,"3":0,"4":0,"5":0,"6":0,"7":0,"8":0,"9":0,"10":0,"11":0},"f":{"0":0,"1":0,"2":0,"3":0,"4":0},"b":{"0":[0,0],"1":[0,0],"2":[0,0]},"meta":{"lastBranch":3,"lastFunction":5,"lastStatement":12,"seen":{"f:4:24:4:33":0,"s:5:8:5:Infinity":0,"s:6:24:6:Infinity":1,"s:7:24:7:Infinity":2,"b:7:56:7:77:7:77:7:Infinity":0,"s:8:21:8:Infinity":3,"s:10:26:12:Infinity":4,"f:10:26:10:32":1,"s:11:4:11:Infinity":5,"s:14:27:16:Infinity":6,"f:14:27:14:33":2,"s:15:4:15:Infinity":7,"s:18:25:25:Infinity":8,"s:27:2:123:Infinity":9,"f:34:25:34:26":3,"s:35:10:37:Infinity":10,"b:36:14:36:Infinity:37:14:37:Infinity":1,"f:95:34:95:35":4,"s:96:16:117:Infinity":11,"b:112:19:112:Infinity:113:20:115:Infinity":2}}}
,"/home/runner/work/android.tiogars.fr/android.tiogars.fr/src/components/Home.tsx": {"path":"/home/runner/work/android.tiogars.fr/android.tiogars.fr/src/components/Home.tsx","statementMap":{"0":{"start":{"line":19,"column":38},"end":{"line":19,"column":null}},"1":{"start":{"line":22,"column":8},"end":{"line":25,"column":null}},"2":{"start":{"line":23,"column":21},"end":{"line":23,"column":null}},"3":{"start":{"line":24,"column":4},"end":{"line":24,"column":null}},"4":{"start":{"line":28,"column":8},"end":{"line":34,"column":null}},"5":{"start":{"line":29,"column":17},"end":{"line":29,"column":null}},"6":{"start":{"line":30,"column":4},"end":{"line":32,"column":null}},"7":{"start":{"line":31,"column":6},"end":{"line":31,"column":null}},"8":{"start":{"line":31,"column":36},"end":{"line":31,"column":49}},"9":{"start":{"line":33,"column":4},"end":{"line":33,"column":null}},"10":{"start":{"line":37,"column":8},"end":{"line":44,"column":null}},"11":{"start":{"line":38,"column":4},"end":{"line":40,"column":null}},"12":{"start":{"line":39,"column":6},"end":{"line":39,"column":null}},"13":{"start":{"line":41,"column":4},"end":{"line":43,"column":null}},"14":{"start":{"line":42,"column":6},"end":{"line":42,"column":null}},"15":{"start":{"line":42,"column":33},"end":{"line":42,"column":59}},"16":{"start":{"line":46,"column":27},"end":{"line":53,"column":null}},"17":{"start":{"line":47,"column":4},"end":{"line":52,"column":null}},"18":{"start":{"line":48,"column":6},"end":{"line":48,"column":null}},"19":{"start":{"line":51,"column":6},"end":{"line":51,"column":null}},"20":{"start":{"line":55,"column":2},"end":{"line":86,"column":null}}},"fnMap":{"0":{"name":"Home","decl":{"start":{"line":18,"column":24},"end":{"line":18,"column":29}},"loc":{"start":{"line":18,"column":68},"end":{"line":88,"column":null}},"line":18},"1":{"name":"(anonymous_1)","decl":{"start":{"line":22,"column":31},"end":{"line":22,"column":37}},"loc":{"start":{"line":22,"column":37},"end":{"line":25,"column":5}},"line":22},"2":{"name":"(anonymous_2)","decl":{"start":{"line":28,"column":26},"end":{"line":28,"column":32}},"loc":{"start":{"line":28,"column":32},"end":{"line":34,"column":5}},"line":28},"3":{"name":"(anonymous_3)","decl":{"start":{"line":30,"column":17},"end":{"line":30,"column":18}},"loc":{"start":{"line":30,"column":26},"end":{"line":32,"column":5}},"line":30},"4":{"name":"(anonymous_4)","decl":{"start":{"line":31,"column":27},"end":{"line":31,"column":28}},"loc":{"start":{"line":31,"column":36},"end":{"line":31,"column":49}},"line":31},"5":{"name":"(anonymous_5)","decl":{"start":{"line":37,"column":31},"end":{"line":37,"column":37}},"loc":{"start":{"line":37,"column":37},"end":{"line":44,"column":5}},"line":37},"6":{"name":"(anonymous_6)","decl":{"start":{"line":41,"column":23},"end":{"line":41,"column":24}},"loc":{"start":{"line":42,"column":6},"end":{"line":42,"column":null}},"line":42},"7":{"name":"(anonymous_7)","decl":{"start":{"line":42,"column":24},"end":{"line":42,"column":25}},"loc":{"start":{"line":42,"column":33},"end":{"line":42,"column":59}},"line":42},"8":{"name":"(anonymous_8)","decl":{"start":{"line":46,"column":27},"end":{"line":46,"column":28}},"loc":{"start":{"line":46,"column":47},"end":{"line":53,"column":null}},"line":46}},"branchMap":{"0":{"loc":{"start":{"line":24,"column":11},"end":{"line":24,"column":null}},"type":"cond-expr","locations":[{"start":{"line":24,"column":22},"end":{"line":24,"column":35}},{"start":{"line":24,"column":35},"end":{"line":24,"column":null}}],"line":24},"1":{"loc":{"start":{"line":38,"column":4},"end":{"line":40,"column":null}},"type":"if","locations":[{"start":{"line":38,"column":4},"end":{"line":40,"column":null}},{"start":{},"end":{}}],"line":38},"2":{"loc":{"start":{"line":47,"column":4},"end":{"line":52,"column":null}},"type":"if","locations":[{"start":{"line":47,"column":4},"end":{"line":52,"column":null}},{"start":{"line":49,"column":11},"end":{"line":52,"column":null}}],"line":47},"3":{"loc":{"start":{"line":71,"column":7},"end":{"line":76,"column":null}},"type":"binary-expr","locations":[{"start":{"line":71,"column":7},"end":{"line":71,"column":36}},{"start":{"line":71,"column":36},"end":{"line":71,"column":null}},{"start":{"line":72,"column":8},"end":{"line":76,"column":null}}],"line":71},"4":{"loc":{"start":{"line":79,"column":7},"end":{"line":84,"column":null}},"type":"binary-expr","locations":[{"start":{"line":79,"column":7},"end":{"line":79,"column":null}},{"start":{"line":80,"column":8},"end":{"line":84,"column":null}}],"line":79}},"s":{"0":0,"1":0,"2":0,"3":0,"4":0,"5":0,"6":0,"7":0,"8":0,"9":0,"10":0,"11":0,"12":0,"13":0,"14":0,"15":0,"16":0,"17":0,"18":0,"19":0,"20":0},"f":{"0":0,"1":0,"2":0,"3":0,"4":0,"5":0,"6":0,"7":0,"8":0},"b":{"0":[0,0],"1":[0,0],"2":[0,0],"3":[0,0,0],"4":[0,0]},"meta":{"lastBranch":5,"lastFunction":9,"lastStatement":21,"seen":{"f:18:24:18:29":0,"s:19:38:19:Infinity":0,"s:22:8:25:Infinity":1,"f:22:31:22:37":1,"s:23:21:23:Infinity":2,"s:24:4:24:Infinity":3,"b:24:22:24:35:24:35:24:Infinity":0,"s:28:8:34:Infinity":4,"f:28:26:28:32":2,"s:29:17:29:Infinity":5,"s:30:4:32:Infinity":6,"f:30:17:30:18":3,"s:31:6:31:Infinity":7,"f:31:27:31:28":4,"s:31:36:31:49":8,"s:33:4:33:Infinity":9,"s:37:8:44:Infinity":10,"f:37:31:37:37":5,"b:38:4:40:Infinity:undefined:undefined:undefined:undefined":1,"s:38:4:40:Infinity":11,"s:39:6:39:Infinity":12,"s:41:4:43:Infinity":13,"f:41:23:41:24":6,"s:42:6:42:Infinity":14,"f:42:24:42:25":7,"s:42:33:42:59":15,"s:46:27:53:Infinity":16,"f:46:27:46:28":8,"b:47:4:52:Infinity:49:11:52:Infinity":2,"s:47:4:52:Infinity":17,"s:48:6:48:Infinity":18,"s:51:6:51:Infinity":19,"s:55:2:86:Infinity":20,"b:71:7:71:36:71:36:71:Infinity:72:8:76:Infinity":3,"b:79:7:79:Infinity:80:8:84:Infinity":4}}}
,"/home/runner/work/android.tiogars.fr/android.tiogars.fr/src/components/ImportExportDialog.tsx": {"path":"/home/runner/work/android.tiogars.fr/android.tiogars.fr/src/components/ImportExportDialog.tsx","statementMap":{"0":{"start":{"line":31,"column":30},"end":{"line":31,"column":null}},"1":{"start":{"line":32,"column":34},"end":{"line":32,"column":null}},"2":{"start":{"line":34,"column":23},"end":{"line":40,"column":null}},"3":{"start":{"line":35,"column":4},"end":{"line":39,"column":null}},"4":{"start":{"line":36,"column":6},"end":{"line":36,"column":null}},"5":{"start":{"line":37,"column":6},"end":{"line":37,"column":null}},"6":{"start":{"line":38,"column":6},"end":{"line":38,"column":null}},"7":{"start":{"line":42,"column":23},"end":{"line":45,"column":null}},"8":{"start":{"line":43,"column":4},"end":{"line":43,"column":null}},"9":{"start":{"line":44,"column":4},"end":{"line":44,"column":null}},"10":{"start":{"line":47,"column":27},"end":{"line":57,"column":null}},"11":{"start":{"line":48,"column":17},"end":{"line":48,"column":null}},"12":{"start":{"line":49,"column":4},"end":{"line":56,"column":null}},"13":{"start":{"line":50,"column":21},"end":{"line":50,"column":null}},"14":{"start":{"line":51,"column":6},"end":{"line":54,"column":null}},"15":{"start":{"line":52,"column":24},"end":{"line":52,"column":null}},"16":{"start":{"line":53,"column":8},"end":{"line":53,"column":null}},"17":{"start":{"line":55,"column":6},"end":{"line":55,"column":null}},"18":{"start":{"line":59,"column":2},"end":{"line":150,"column":null}},"19":{"start":{"line":77,"column":58},"end":{"line":77,"column":81}},"20":{"start":{"line":112,"column":31},"end":{"line":112,"column":null}}},"fnMap":{"0":{"name":"ImportExportDialog","decl":{"start":{"line":25,"column":24},"end":{"line":25,"column":43}},"loc":{"start":{"line":30,"column":28},"end":{"line":152,"column":null}},"line":30},"1":{"name":"(anonymous_1)","decl":{"start":{"line":34,"column":23},"end":{"line":34,"column":29}},"loc":{"start":{"line":34,"column":29},"end":{"line":40,"column":null}},"line":34},"2":{"name":"(anonymous_2)","decl":{"start":{"line":42,"column":23},"end":{"line":42,"column":29}},"loc":{"start":{"line":42,"column":29},"end":{"line":45,"column":null}},"line":42},"3":{"name":"(anonymous_3)","decl":{"start":{"line":47,"column":27},"end":{"line":47,"column":28}},"loc":{"start":{"line":47,"column":75},"end":{"line":57,"column":null}},"line":47},"4":{"name":"(anonymous_4)","decl":{"start":{"line":51,"column":22},"end":{"line":51,"column":23}},"loc":{"start":{"line":51,"column":29},"end":{"line":54,"column":null}},"line":51},"5":{"name":"(anonymous_5)","decl":{"start":{"line":77,"column":41},"end":{"line":77,"column":42}},"loc":{"start":{"line":77,"column":58},"end":{"line":77,"column":81}},"line":77},"6":{"name":"(anonymous_6)","decl":{"start":{"line":112,"column":24},"end":{"line":112,"column":25}},"loc":{"start":{"line":112,"column":31},"end":{"line":112,"column":null}},"line":112}},"branchMap":{"0":{"loc":{"start":{"line":35,"column":4},"end":{"line":39,"column":null}},"type":"if","locations":[{"start":{"line":35,"column":4},"end":{"line":39,"column":null}},{"start":{},"end":{}}],"line":35},"1":{"loc":{"start":{"line":49,"column":4},"end":{"line":56,"column":null}},"type":"if","locations":[{"start":{"line":49,"column":4},"end":{"line":56,"column":null}},{"start":{},"end":{}}],"line":49},"2":{"loc":{"start":{"line":82,"column":9},"end":{"line":114,"column":null}},"type":"binary-expr","locations":[{"start":{"line":82,"column":9},"end":{"line":82,"column":null}},{"start":{"line":83,"column":10},"end":{"line":114,"column":null}}],"line":82},"3":{"loc":{"start":{"line":117,"column":9},"end":{"line":138,"column":null}},"type":"binary-expr","locations":[{"start":{"line":117,"column":9},"end":{"line":117,"column":null}},{"start":{"line":118,"column":10},"end":{"line":138,"column":null}}],"line":117},"4":{"loc":{"start":{"line":144,"column":9},"end":{"line":147,"column":null}},"type":"binary-expr","locations":[{"start":{"line":144,"column":9},"end":{"line":144,"column":null}},{"start":{"line":145,"column":10},"end":{"line":147,"column":null}}],"line":144}},"s":{"0":25,"1":25,"2":25,"3":2,"4":2,"5":2,"6":2,"7":25,"8":1,"9":1,"10":25,"11":0,"12":0,"13":0,"14":0,"15":0,"16":0,"17":0,"18":25,"19":4,"20":3},"f":{"0":25,"1":2,"2":1,"3":0,"4":0,"5":4,"6":3},"b":{"0":[2,0],"1":[0,0],"2":[25,21],"3":[25,4],"4":[25,21]},"meta":{"lastBranch":5,"lastFunction":7,"lastStatement":21,"seen":{"f:25:24:25:43":0,"s:31:30:31:Infinity":0,"s:32:34:32:Infinity":1,"s:34:23:40:Infinity":2,"f:34:23:34:29":1,"b:35:4:39:Infinity:undefined:undefined:undefined:undefined":0,"s:35:4:39:Infinity":3,"s:36:6:36:Infinity":4,"s:37:6:37:Infinity":5,"s:38:6:38:Infinity":6,"s:42:23:45:Infinity":7,"f:42:23:42:29":2,"s:43:4:43:Infinity":8,"s:44:4:44:Infinity":9,"s:47:27:57:Infinity":10,"f:47:27:47:28":3,"s:48:17:48:Infinity":11,"b:49:4:56:Infinity:undefined:undefined:undefined:undefined":1,"s:49:4:56:Infinity":12,"s:50:21:50:Infinity":13,"s:51:6:54:Infinity":14,"f:51:22:51:23":4,"s:52:24:52:Infinity":15,"s:53:8:53:Infinity":16,"s:55:6:55:Infinity":17,"s:59:2:150:Infinity":18,"f:77:41:77:42":5,"s:77:58:77:81":19,"b:82:9:82:Infinity:83:10:114:Infinity":2,"f:112:24:112:25":6,"s:112:31:112:Infinity":20,"b:117:9:117:Infinity:118:10:138:Infinity":3,"b:144:9:144:Infinity:145:10:147:Infinity":4}}}
}
