TN:
SF:src/App.tsx
FN:35,(anonymous_0)
FN:36,(anonymous_1)
FN:37,(anonymous_2)
FN:38,(anonymous_3)
FN:41,(anonymous_4)
FN:47,App
FN:62,(anonymous_6)
FN:63,(anonymous_7)
FN:91,(anonymous_8)
FN:130,(anonymous_9)
FN:135,(anonymous_10)
FN:144,(anonymous_11)
FN:145,(anonymous_12)
FN:148,(anonymous_13)
FN:151,(anonymous_14)
FN:163,(anonymous_15)
FN:164,(anonymous_16)
FN:170,(anonymous_17)
FN:175,(anonymous_18)
FN:180,(anonymous_19)
FN:185,(anonymous_20)
FN:195,(anonymous_21)
FN:219,(anonymous_22)
FN:263,(anonymous_23)
FN:264,(anonymous_24)
FN:274,(anonymous_25)
FN:282,(anonymous_26)
FN:290,(anonymous_27)
FN:302,(anonymous_28)
FN:313,(anonymous_29)
FN:322,(anonymous_30)
FN:326,(anonymous_31)
FNF:32
FNH:0
FNDA:0,(anonymous_0)
FNDA:0,(anonymous_1)
FNDA:0,(anonymous_2)
FNDA:0,(anonymous_3)
FNDA:0,(anonymous_4)
FNDA:0,App
FNDA:0,(anonymous_6)
FNDA:0,(anonymous_7)
FNDA:0,(anonymous_8)
FNDA:0,(anonymous_9)
FNDA:0,(anonymous_10)
FNDA:0,(anonymous_11)
FNDA:0,(anonymous_12)
FNDA:0,(anonymous_13)
FNDA:0,(anonymous_14)
FNDA:0,(anonymous_15)
FNDA:0,(anonymous_16)
FNDA:0,(anonymous_17)
FNDA:0,(anonymous_18)
FNDA:0,(anonymous_19)
FNDA:0,(anonymous_20)
FNDA:0,(anonymous_21)
FNDA:0,(anonymous_22)
FNDA:0,(anonymous_23)
FNDA:0,(anonymous_24)
FNDA:0,(anonymous_25)
FNDA:0,(anonymous_26)
FNDA:0,(anonymous_27)
FNDA:0,(anonymous_28)
FNDA:0,(anonymous_29)
FNDA:0,(anonymous_30)
FNDA:0,(anonymous_31)
DA:35,0
DA:36,0
DA:37,0
DA:38,0
DA:41,0
DA:42,0
DA:48,0
DA:49,0
DA:50,0
DA:51,0
DA:52,0
DA:53,0
DA:54,0
DA:55,0
DA:62,0
DA:63,0
DA:64,0
DA:65,0
DA:68,0
DA:69,0
DA:70,0
DA:71,0
DA:73,0
DA:75,0
DA:76,0
DA:77,0
DA:78,0
DA:80,0
DA:81,0
DA:85,0
DA:90,0
DA:91,0
DA:92,0
DA:94,0
DA:96,0
DA:97,0
DA:103,0
DA:105,0
DA:114,0
DA:115,0
DA:118,0
DA:123,0
DA:124,0
DA:125,0
DA:130,0
DA:131,0
DA:134,0
DA:135,0
DA:144,0
DA:145,0
DA:148,0
DA:150,0
DA:151,0
DA:152,0
DA:154,0
DA:155,0
DA:157,0
DA:158,0
DA:159,0
DA:160,0
DA:163,0
DA:164,0
DA:165,0
DA:166,0
DA:167,0
DA:170,0
DA:171,0
DA:172,0
DA:175,0
DA:176,0
DA:177,0
DA:180,0
DA:181,0
DA:182,0
DA:185,0
DA:186,0
DA:187,0
DA:188,0
DA:189,0
DA:191,0
DA:195,0
DA:196,0
DA:197,0
DA:198,0
DA:199,0
DA:200,0
DA:201,0
DA:202,0
DA:203,0
DA:204,0
DA:205,0
DA:206,0
DA:209,0
DA:219,0
DA:263,0
DA:264,0
DA:275,0
DA:276,0
DA:283,0
DA:284,0
DA:291,0
DA:292,0
DA:303,0
DA:304,0
DA:313,0
DA:322,0
DA:326,0
LF:107
LH:0
BRDA:73,0,0,0
BRDA:73,0,1,0
BRDA:73,1,0,0
BRDA:73,1,1,0
BRDA:73,1,2,0
BRDA:76,2,0,0
BRDA:76,2,1,0
BRDA:80,3,0,0
BRDA:80,3,1,0
BRDA:80,4,0,0
BRDA:80,4,1,0
BRDA:81,5,0,0
BRDA:81,5,1,0
BRDA:90,6,0,0
BRDA:90,6,1,0
BRDA:92,7,0,0
BRDA:92,7,1,0
BRDA:103,8,0,0
BRDA:103,8,1,0
BRDA:108,9,0,0
BRDA:108,9,1,0
BRDA:109,10,0,0
BRDA:109,10,1,0
BRDA:124,11,0,0
BRDA:124,11,1,0
BRDA:145,12,0,0
BRDA:145,12,1,0
BRDA:150,13,0,0
BRDA:150,13,1,0
BRDA:151,14,0,0
BRDA:151,14,1,0
BRDA:223,15,0,0
BRDA:223,15,1,0
BRF:33
BRH:0
end_of_record
TN:
SF:src/Root.tsx
FN:6,Root
FN:13,(anonymous_1)
FN:17,(anonymous_2)
FN:22,(anonymous_3)
FN:28,(anonymous_4)
FN:29,(anonymous_5)
FN:36,(anonymous_6)
FN:40,(anonymous_7)
FNF:8
FNH:0
FNDA:0,Root
FNDA:0,(anonymous_1)
FNDA:0,(anonymous_2)
FNDA:0,(anonymous_3)
FNDA:0,(anonymous_4)
FNDA:0,(anonymous_5)
FNDA:0,(anonymous_6)
FNDA:0,(anonymous_7)
DA:7,0
DA:12,0
DA:14,0
DA:16,0
DA:17,0
DA:18,0
DA:23,0
DA:28,0
DA:29,0
DA:30,0
DA:31,0
DA:36,0
DA:37,0
DA:40,0
DA:41,0
DA:44,0
LF:16
LH:0
BRDA:16,0,0,0
BRDA:16,0,1,0
BRDA:30,1,0,0
BRDA:30,1,1,0
BRF:4
BRH:0
end_of_record
TN:
SF:src/storageService.ts
FN:14,getDB
FN:17,(anonymous_1)
FN:37,putAppsInTx
FN:43,(anonymous_3)
FN:46,migrateIfNeeded
FN:86,sortApps
FN:91,(anonymous_6)
FN:92,(anonymous_7)
FN:96,(anonymous_8)
FN:113,(anonymous_9)
FN:124,(anonymous_10)
FN:129,(anonymous_11)
FNF:12
FNH:2
FNDA:0,getDB
FNDA:0,(anonymous_1)
FNDA:0,putAppsInTx
FNDA:0,(anonymous_3)
FNDA:0,migrateIfNeeded
FNDA:0,sortApps
FNDA:0,(anonymous_6)
FNDA:0,(anonymous_7)
FNDA:0,(anonymous_8)
FNDA:0,(anonymous_9)
FNDA:2,(anonymous_10)
FNDA:4,(anonymous_11)
DA:4,1
DA:5,1
DA:6,1
DA:7,1
DA:8,1
DA:9,1
DA:10,1
DA:12,1
DA:15,0
DA:16,0
DA:18,0
DA:19,0
DA:20,0
DA:23,0
DA:24,0
DA:25,0
DA:27,0
DA:28,0
DA:34,0
DA:38,0
DA:39,0
DA:40,0
DA:41,0
DA:43,0
DA:47,0
DA:48,0
DA:49,0
DA:50,0
DA:51,0
DA:52,0
DA:53,0
DA:54,0
DA:57,0
DA:59,0
DA:60,0
DA:61,0
DA:62,0
DA:63,0
DA:66,0
DA:67,0
DA:68,0
DA:69,0
DA:70,0
DA:71,0
DA:76,0
DA:77,0
DA:80,0
DA:87,0
DA:88,0
DA:90,0
DA:91,0
DA:92,0
DA:95,1
DA:97,0
DA:98,0
DA:99,0
DA:100,0
DA:101,0
DA:105,0
DA:106,0
DA:108,0
DA:109,0
DA:114,0
DA:115,0
DA:116,0
DA:117,0
DA:118,0
DA:120,0
DA:125,2
DA:126,2
DA:130,4
DA:131,4
DA:132,4
DA:133,1
DA:135,2
DA:136,2
DA:138,2
LF:77
LH:18
BRDA:15,0,0,0
BRDA:15,0,1,0
BRDA:18,1,0,0
BRDA:18,1,1,0
BRDA:19,2,0,0
BRDA:19,2,1,0
BRDA:23,3,0,0
BRDA:23,3,1,0
BRDA:24,4,0,0
BRDA:24,4,1,0
BRDA:27,5,0,0
BRDA:27,5,1,0
BRDA:52,6,0,0
BRDA:52,6,1,0
BRDA:61,7,0,0
BRDA:61,7,1,0
BRDA:66,8,0,0
BRDA:66,8,1,0
BRDA:68,9,0,0
BRDA:68,9,1,0
BRDA:70,10,0,0
BRDA:70,10,1,0
BRDA:76,11,0,0
BRDA:76,11,1,0
BRDA:87,12,0,0
BRDA:87,12,1,0
BRDA:87,13,0,0
BRDA:87,13,1,0
BRDA:92,14,0,0
BRDA:92,14,1,0
BRDA:92,15,0,0
BRDA:92,15,1,0
BRDA:109,16,0,0
BRDA:109,16,1,0
BRDA:132,17,0,1
BRDA:132,17,1,3
BRF:36
BRH:2
end_of_record
TN:
SF:src/types.ts
FNF:0
FNH:0
LF:0
LH:0
BRF:0
BRH:0
end_of_record
TN:
SF:src/utils.ts
FN:17,extractAppNameFromTitle
FNF:1
FNH:1
FNDA:11,extractAppNameFromTitle
DA:21,11
DA:28,11
DA:29,29
DA:30,29
DA:31,7
DA:36,4
LF:6
LH:6
BRDA:30,0,0,7
BRDA:30,0,1,22
BRDA:30,1,0,29
BRDA:30,1,1,8
BRF:4
BRH:4
end_of_record
TN:
SF:src/components/AppDetail.tsx
FN:26,AppDetail
FN:30,(anonymous_1)
FN:53,(anonymous_2)
FN:57,(anonymous_3)
FN:61,(anonymous_4)
FN:98,(anonymous_5)
FNF:6
FNH:0
FNDA:0,AppDetail
FNDA:0,(anonymous_1)
FNDA:0,(anonymous_2)
FNDA:0,(anonymous_3)
FNDA:0,(anonymous_4)
FNDA:0,(anonymous_5)
DA:27,0
DA:28,0
DA:30,0
DA:32,0
DA:33,0
DA:53,0
DA:54,0
DA:57,0
DA:58,0
DA:61,0
DA:62,0
DA:63,0
DA:66,0
DA:99,0
LF:14
LH:0
BRDA:32,0,0,0
BRDA:32,0,1,0
BRDA:117,1,0,0
BRDA:117,1,1,0
BRF:4
BRH:0
end_of_record
TN:
SF:src/components/AppFormDialog.tsx
FN:25,AppFormDialog
FN:35,(anonymous_1)
FN:56,(anonymous_2)
FN:60,(anonymous_3)
FN:67,(anonymous_4)
FN:78,(anonymous_5)
FN:81,(anonymous_6)
FN:85,(anonymous_7)
FN:95,(anonymous_8)
FN:149,(anonymous_9)
FN:158,(anonymous_10)
FN:168,(anonymous_11)
FN:180,(anonymous_12)
FN:189,(anonymous_13)
FN:193,(anonymous_14)
FNF:15
FNH:13
FNDA:118,AppFormDialog
FNDA:17,(anonymous_1)
FNDA:0,(anonymous_2)
FNDA:0,(anonymous_3)
FNDA:4,(anonymous_4)
FNDA:1,(anonymous_5)
FNDA:2,(anonymous_6)
FNDA:1,(anonymous_7)
FNDA:26,(anonymous_8)
FNDA:18,(anonymous_9)
FNDA:22,(anonymous_10)
FNDA:15,(anonymous_11)
FNDA:25,(anonymous_12)
FNDA:16,(anonymous_13)
FNDA:1,(anonymous_14)
DA:26,118
DA:33,118
DA:35,118
DA:36,17
DA:37,3
DA:45,14
DA:53,17
DA:56,118
DA:57,0
DA:58,0
DA:59,0
DA:60,0
DA:61,0
DA:63,0
DA:67,118
DA:68,4
DA:69,4
DA:70,3
DA:74,3
DA:78,118
DA:79,1
DA:81,2
DA:85,118
DA:86,1
DA:87,1
DA:91,1
DA:95,118
DA:96,26
DA:97,1
DA:98,1
DA:102,118
DA:149,18
DA:158,22
DA:168,15
DA:180,25
DA:190,16
DA:193,1
LF:37
LH:31
BRDA:36,0,0,3
BRDA:36,0,1,14
BRDA:42,1,0,3
BRDA:42,1,1,2
BRDA:58,2,0,0
BRDA:58,2,1,0
BRDA:69,3,0,3
BRDA:69,3,1,1
BRDA:69,4,0,4
BRDA:69,4,1,4
BRDA:86,5,0,1
BRDA:86,5,1,0
BRDA:86,6,0,1
BRDA:86,6,1,1
BRDA:88,7,0,1
BRDA:88,7,1,1
BRDA:96,8,0,1
BRDA:96,8,1,25
BRDA:105,9,0,7
BRDA:105,9,1,111
BRDA:207,10,0,118
BRDA:207,10,1,60
BRDA:209,11,0,7
BRDA:209,11,1,111
BRF:24
BRH:21
end_of_record
TN:
SF:src/components/AppList.tsx
FN:22,AppList
FN:23,(anonymous_1)
FN:39,(anonymous_2)
FN:77,(anonymous_3)
FN:105,(anonymous_4)
FN:114,(anonymous_5)
FN:122,(anonymous_6)
FNF:7
FNH:7
FNDA:19,AppList
FNDA:1,(anonymous_1)
FNDA:32,(anonymous_2)
FNDA:50,(anonymous_3)
FNDA:1,(anonymous_4)
FNDA:1,(anonymous_5)
FNDA:1,(anonymous_6)
DA:23,19
DA:24,1
DA:27,19
DA:40,32
DA:78,50
DA:105,1
DA:114,1
DA:122,1
LF:8
LH:8
BRF:0
BRH:0
end_of_record
TN:
SF:src/components/FilterPanel.tsx
FN:10,FilterPanel
FN:11,(anonymous_1)
FN:13,(anonymous_2)
FN:30,(anonymous_3)
FN:34,(anonymous_4)
FN:45,(anonymous_5)
FN:46,(anonymous_6)
FNF:7
FNH:6
FNDA:14,FilterPanel
FNDA:6,(anonymous_1)
FNDA:2,(anonymous_2)
FNDA:37,(anonymous_3)
FNDA:6,(anonymous_4)
FNDA:0,(anonymous_5)
FNDA:1,(anonymous_6)
DA:11,14
DA:12,6
DA:13,2
DA:15,5
DA:19,14
DA:20,1
DA:23,13
DA:31,37
DA:34,6
DA:45,0
DA:46,1
LF:11
LH:10
BRDA:12,0,0,1
BRDA:12,0,1,5
BRDA:19,1,0,1
BRDA:19,1,1,13
BRDA:35,2,0,7
BRDA:35,2,1,30
BRDA:36,3,0,7
BRDA:36,3,1,30
BRDA:40,4,0,13
BRDA:40,4,1,5
BRF:10
BRH:10
end_of_record
TN:
SF:src/components/Footer.tsx
FN:4,Footer
FN:10,(anonymous_1)
FN:14,(anonymous_2)
FN:34,(anonymous_3)
FN:95,(anonymous_4)
FNF:5
FNH:0
FNDA:0,Footer
FNDA:0,(anonymous_1)
FNDA:0,(anonymous_2)
FNDA:0,(anonymous_3)
FNDA:0,(anonymous_4)
DA:5,0
DA:6,0
DA:7,0
DA:8,0
DA:10,0
DA:11,0
DA:14,0
DA:15,0
DA:18,0
DA:27,0
DA:35,0
DA:96,0
LF:12
LH:0
BRDA:7,0,0,0
BRDA:7,0,1,0
BRDA:35,1,0,0
BRDA:35,1,1,0
BRDA:112,2,0,0
BRDA:112,2,1,0
BRF:6
BRH:0
end_of_record
TN:
SF:src/components/Home.tsx
FN:18,Home
FN:22,(anonymous_1)
FN:28,(anonymous_2)
FN:30,(anonymous_3)
FN:31,(anonymous_4)
FN:37,(anonymous_5)
FN:41,(anonymous_6)
FN:42,(anonymous_7)
FN:46,(anonymous_8)
FNF:9
FNH:0
FNDA:0,Home
FNDA:0,(anonymous_1)
FNDA:0,(anonymous_2)
FNDA:0,(anonymous_3)
FNDA:0,(anonymous_4)
FNDA:0,(anonymous_5)
FNDA:0,(anonymous_6)
FNDA:0,(anonymous_7)
FNDA:0,(anonymous_8)
DA:19,0
DA:22,0
DA:23,0
DA:24,0
DA:28,0
DA:29,0
DA:30,0
DA:31,0
DA:33,0
DA:37,0
DA:38,0
DA:39,0
DA:41,0
DA:42,0
DA:46,0
DA:47,0
DA:48,0
DA:51,0
DA:55,0
LF:19
LH:0
BRDA:24,0,0,0
BRDA:24,0,1,0
BRDA:38,1,0,0
BRDA:38,1,1,0
BRDA:47,2,0,0
BRDA:47,2,1,0
BRDA:71,3,0,0
BRDA:71,3,1,0
BRDA:71,3,2,0
BRDA:79,4,0,0
BRDA:79,4,1,0
BRF:11
BRH:0
end_of_record
TN:
SF:src/components/ImportExportDialog.tsx
FN:25,ImportExportDialog
FN:34,(anonymous_1)
FN:42,(anonymous_2)
FN:47,(anonymous_3)
FN:51,(anonymous_4)
FN:77,(anonymous_5)
FN:112,(anonymous_6)
FNF:7
FNH:5
FNDA:25,ImportExportDialog
FNDA:2,(anonymous_1)
FNDA:1,(anonymous_2)
FNDA:0,(anonymous_3)
FNDA:0,(anonymous_4)
FNDA:4,(anonymous_5)
FNDA:3,(anonymous_6)
DA:31,25
DA:32,25
DA:34,25
DA:35,2
DA:36,2
DA:37,2
DA:38,2
DA:42,25
DA:43,1
DA:44,1
DA:47,25
DA:48,0
DA:49,0
DA:50,0
DA:51,0
DA:52,0
DA:53,0
DA:55,0
DA:59,25
DA:77,4
DA:112,3
LF:21
LH:14
BRDA:35,0,0,2
BRDA:35,0,1,0
BRDA:49,1,0,0
BRDA:49,1,1,0
BRDA:82,2,0,25
BRDA:82,2,1,21
BRDA:117,3,0,25
BRDA:117,3,1,4
BRDA:144,4,0,25
BRDA:144,4,1,21
BRF:10
BRH:7
end_of_record
